#
# There is insufficient memory for the Java Runtime Environment to continue.
# Native memory allocation (malloc) failed to allocate 1314896 bytes for Chunk::new
# Possible reasons:
#   The system is out of physical RAM or swap space
#   The process is running with CompressedOops enabled, and the Java Heap may be blocking the growth of the native heap
# Possible solutions:
#   Reduce memory load on the system
#   Increase physical memory or swap space
#   Check if swap backing store is full
#   Decrease Java heap size (-Xmx/-Xms)
#   Decrease number of Java threads
#   Decrease Java thread stack sizes (-Xss)
#   Set larger code cache with -XX:ReservedCodeCacheSize=
#   JVM is running with Unscaled Compressed Oops mode in which the Java heap is
#     placed in the first 4GB address space. The Java Heap base address is the
#     maximum limit for the native heap growth. Please use -XX:HeapBaseMinAddress
#     to set the Java Heap base and to place the Java Heap above 4GB virtual address.
# This output file may be truncated or incomplete.
#
#  Out of Memory Error (allocation.cpp:389), pid=26376, tid=0x0000000000003a20
#
# JRE version: OpenJDK Runtime Environment (Zulu 8.52.0.23-CA-win64) (8.0_282-b08) (build 1.8.0_282-b08)
# Java VM: OpenJDK 64-Bit Server VM (25.282-b08 mixed mode windows-amd64 compressed oops)
# Failed to write core dump. Minidumps are not enabled by default on client versions of Windows
#

---------------  T H R E A D  ---------------

Current thread (0x000000001a68e000):  JavaThread "C2 CompilerThread1" daemon [_thread_in_native, id=14880, stack(0x000000001b160000,0x000000001b260000)]

Stack: [0x000000001b160000,0x000000001b260000]
[error occurred during error reporting (printing stack bounds), id 0xc0000005]

Native frames: (J=compiled Java code, j=interpreted, Vv=VM code, C=native code)


Current CompileTask:
C2:   2918 2187       4       groovy.lang.MetaClassImpl$1MOPIter::methodNameAction (479 bytes)


---------------  P R O C E S S  ---------------

Java Threads: ( => current thread )
  0x000000001a355800 JavaThread "Service Thread" daemon [_thread_blocked, id=48164, stack(0x000000001b460000,0x000000001b560000)]
  0x000000001a690800 JavaThread "C1 CompilerThread3" daemon [_thread_blocked, id=46980, stack(0x000000001b360000,0x000000001b460000)]
  0x000000001a68e800 JavaThread "C2 CompilerThread2" daemon [_thread_in_native, id=18200, stack(0x000000001b260000,0x000000001b360000)]
=>0x000000001a68e000 JavaThread "C2 CompilerThread1" daemon [_thread_in_native, id=14880, stack(0x000000001b160000,0x000000001b260000)]
  0x000000001a68b000 JavaThread "C2 CompilerThread0" daemon [_thread_in_native, id=10796, stack(0x000000001b060000,0x000000001b160000)]
  0x000000001a6e8800 JavaThread "Attach Listener" daemon [_thread_blocked, id=48872, stack(0x000000001af60000,0x000000001b060000)]
  0x000000001a6ec000 JavaThread "Signal Dispatcher" daemon [_thread_blocked, id=14928, stack(0x000000001ae60000,0x000000001af60000)]
  0x0000000019f87800 JavaThread "Finalizer" daemon [_thread_blocked, id=42932, stack(0x000000001a460000,0x000000001a560000)]
  0x0000000019f80800 JavaThread "Reference Handler" daemon [_thread_blocked, id=39856, stack(0x000000001a360000,0x000000001a460000)]
  0x0000000003004000 JavaThread "main" [_thread_in_native, id=31696, stack(0x0000000002ef0000,0x0000000002ff0000)]

Other Threads:
  0x0000000018160000 VMThread [stack: 0x0000000019e60000,0x0000000019f60000] [id=48760]
  0x000000001a357800 WatcherThread [stack: 0x000000001b560000,0x000000001b660000] [id=33076]

VM state:not at safepoint (normal execution)

VM Mutex/Monitor currently owned by a thread: None

heap address: 0x0000000080000000, size: 2048 MB, Compressed Oops mode: 32-bit
Narrow klass base: 0x0000000000000000, Narrow klass shift: 3
Compressed class space size: 1073741824 Address: 0x0000000100000000

Heap:
 PSYoungGen      total 131584K, used 71661K [0x00000000d5580000, 0x00000000e0680000, 0x0000000100000000)
  eden space 119296K, 55% used [0x00000000d5580000,0x00000000d962b0c8,0x00000000dca00000)
  from space 12288K, 44% used [0x00000000dca00000,0x00000000dcf505d0,0x00000000dd600000)
  to   space 11776K, 0% used [0x00000000dfb00000,0x00000000dfb00000,0x00000000e0680000)
 ParOldGen       total 97792K, used 8515K [0x0000000080000000, 0x0000000085f80000, 0x00000000d5580000)
  object space 97792K, 8% used [0x0000000080000000,0x0000000080850d18,0x0000000085f80000)
 Metaspace       used 24067K, capacity 24396K, committed 24704K, reserved 1071104K
  class space    used 2733K, capacity 2866K, committed 2944K, reserved 1048576K

Card table byte_map: [0x00000000124b0000,0x00000000128c0000] byte_map_base: 0x00000000120b0000

Marking Bits: (ParMarkBitMap*) 0x0000000064421f00
 Begin Bits: [0x0000000013370000, 0x0000000015370000)
 End Bits:   [0x0000000015370000, 0x0000000017370000)

Polling page: 0x0000000001240000

CodeCache: size=245760Kb used=9915Kb max_used=9915Kb free=235844Kb
 bounds [0x00000000030f0000, 0x0000000003ab0000, 0x00000000120f0000]
 total_blobs=2927 nmethods=2287 adapters=550
 compilation: enabled

Compilation events (10 events):
Event: 2.881 Thread 0x000000001a690800 nmethod 2296 0x0000000003a96c50 code [0x0000000003a96e00, 0x0000000003a97278]
Event: 2.884 Thread 0x000000001a690800 2297       3       java.util.regex.Matcher::appendReplacement (571 bytes)
Event: 2.887 Thread 0x000000001a690800 nmethod 2297 0x0000000003a97450 code [0x0000000003a97ba0, 0x0000000003a9d4d8]
Event: 2.887 Thread 0x000000001a690800 2298  s    3       java.lang.StringBuffer::append (13 bytes)
Event: 2.887 Thread 0x000000001a690800 nmethod 2298 0x0000000003aa07d0 code [0x0000000003aa0940, 0x0000000003aa0c68]
Event: 2.887 Thread 0x000000001a690800 2299       3       java.util.regex.Matcher::appendTail (19 bytes)
Event: 2.887 Thread 0x000000001a690800 nmethod 2299 0x0000000003aa0d50 code [0x0000000003aa0ee0, 0x0000000003aa14b8]
Event: 2.891 Thread 0x000000001a690800 2301       3       java.util.regex.Pattern::compile (10 bytes)
Event: 2.891 Thread 0x000000001a690800 nmethod 2301 0x0000000003aa16d0 code [0x0000000003aa1840, 0x0000000003aa1a28]
Event: 2.916 Thread 0x000000001a690800 2303       3       java.util.regex.Matcher::replaceAll (59 bytes)

GC Heap History (10 events):
Event: 1.809 GC heap before
{Heap before GC invocations=4 (full 0):
 PSYoungGen      total 75264K, used 73397K [0x00000000d5580000, 0x00000000da980000, 0x0000000100000000)
  eden space 64512K, 100% used [0x00000000d5580000,0x00000000d9480000,0x00000000d9480000)
  from space 10752K, 82% used [0x00000000d9480000,0x00000000d9d2d480,0x00000000d9f00000)
  to   space 10752K, 0% used [0x00000000d9f00000,0x00000000d9f00000,0x00000000da980000)
 ParOldGen       total 172032K, used 40K [0x0000000080000000, 0x000000008a800000, 0x00000000d5580000)
  object space 172032K, 0% used [0x0000000080000000,0x000000008000a000,0x000000008a800000)
 Metaspace       used 19952K, capacity 20164K, committed 20608K, reserved 1067008K
  class space    used 2211K, capacity 2316K, committed 2432K, reserved 1048576K
Event: 1.814 GC heap after
Heap after GC invocations=4 (full 0):
 PSYoungGen      total 75264K, used 10120K [0x00000000d5580000, 0x00000000da980000, 0x0000000100000000)
  eden space 64512K, 0% used [0x00000000d5580000,0x00000000d5580000,0x00000000d9480000)
  from space 10752K, 94% used [0x00000000d9f00000,0x00000000da8e2308,0x00000000da980000)
  to   space 10752K, 0% used [0x00000000d9480000,0x00000000d9480000,0x00000000d9f00000)
 ParOldGen       total 172032K, used 112K [0x0000000080000000, 0x000000008a800000, 0x00000000d5580000)
  object space 172032K, 0% used [0x0000000080000000,0x000000008001c010,0x000000008a800000)
 Metaspace       used 19952K, capacity 20164K, committed 20608K, reserved 1067008K
  class space    used 2211K, capacity 2316K, committed 2432K, reserved 1048576K
}
Event: 1.892 GC heap before
{Heap before GC invocations=5 (full 0):
 PSYoungGen      total 75264K, used 21773K [0x00000000d5580000, 0x00000000da980000, 0x0000000100000000)
  eden space 64512K, 18% used [0x00000000d5580000,0x00000000d60e13c8,0x00000000d9480000)
  from space 10752K, 94% used [0x00000000d9f00000,0x00000000da8e2308,0x00000000da980000)
  to   space 10752K, 0% used [0x00000000d9480000,0x00000000d9480000,0x00000000d9f00000)
 ParOldGen       total 172032K, used 112K [0x0000000080000000, 0x000000008a800000, 0x00000000d5580000)
  object space 172032K, 0% used [0x0000000080000000,0x000000008001c010,0x000000008a800000)
 Metaspace       used 20820K, capacity 21136K, committed 21296K, reserved 1069056K
  class space    used 2313K, capacity 2425K, committed 2432K, reserved 1048576K
Event: 1.896 GC heap after
Heap after GC invocations=5 (full 0):
 PSYoungGen      total 75264K, used 8648K [0x00000000d5580000, 0x00000000dea80000, 0x0000000100000000)
  eden space 64512K, 0% used [0x00000000d5580000,0x00000000d5580000,0x00000000d9480000)
  from space 10752K, 80% used [0x00000000d9480000,0x00000000d9cf2220,0x00000000d9f00000)
  to   space 11776K, 0% used [0x00000000ddf00000,0x00000000ddf00000,0x00000000dea80000)
 ParOldGen       total 172032K, used 120K [0x0000000080000000, 0x000000008a800000, 0x00000000d5580000)
  object space 172032K, 0% used [0x0000000080000000,0x000000008001e010,0x000000008a800000)
 Metaspace       used 20820K, capacity 21136K, committed 21296K, reserved 1069056K
  class space    used 2313K, capacity 2425K, committed 2432K, reserved 1048576K
}
Event: 1.896 GC heap before
{Heap before GC invocations=6 (full 1):
 PSYoungGen      total 75264K, used 8648K [0x00000000d5580000, 0x00000000dea80000, 0x0000000100000000)
  eden space 64512K, 0% used [0x00000000d5580000,0x00000000d5580000,0x00000000d9480000)
  from space 10752K, 80% used [0x00000000d9480000,0x00000000d9cf2220,0x00000000d9f00000)
  to   space 11776K, 0% used [0x00000000ddf00000,0x00000000ddf00000,0x00000000dea80000)
 ParOldGen       total 172032K, used 120K [0x0000000080000000, 0x000000008a800000, 0x00000000d5580000)
  object space 172032K, 0% used [0x0000000080000000,0x000000008001e010,0x000000008a800000)
 Metaspace       used 20820K, capacity 21136K, committed 21296K, reserved 1069056K
  class space    used 2313K, capacity 2425K, committed 2432K, reserved 1048576K
Event: 1.917 GC heap after
Heap after GC invocations=6 (full 1):
 PSYoungGen      total 75264K, used 0K [0x00000000d5580000, 0x00000000dea80000, 0x0000000100000000)
  eden space 64512K, 0% used [0x00000000d5580000,0x00000000d5580000,0x00000000d9480000)
  from space 10752K, 0% used [0x00000000d9480000,0x00000000d9480000,0x00000000d9f00000)
  to   space 11776K, 0% used [0x00000000ddf00000,0x00000000ddf00000,0x00000000dea80000)
 ParOldGen       total 97792K, used 8499K [0x0000000080000000, 0x0000000085f80000, 0x00000000d5580000)
  object space 97792K, 8% used [0x0000000080000000,0x000000008084cd18,0x0000000085f80000)
 Metaspace       used 20820K, capacity 21136K, committed 21296K, reserved 1069056K
  class space    used 2313K, capacity 2425K, committed 2432K, reserved 1048576K
}
Event: 2.255 GC heap before
{Heap before GC invocations=7 (full 1):
 PSYoungGen      total 75264K, used 64512K [0x00000000d5580000, 0x00000000dea80000, 0x0000000100000000)
  eden space 64512K, 100% used [0x00000000d5580000,0x00000000d9480000,0x00000000d9480000)
  from space 10752K, 0% used [0x00000000d9480000,0x00000000d9480000,0x00000000d9f00000)
  to   space 11776K, 0% used [0x00000000ddf00000,0x00000000ddf00000,0x00000000dea80000)
 ParOldGen       total 97792K, used 8499K [0x0000000080000000, 0x0000000085f80000, 0x00000000d5580000)
  object space 97792K, 8% used [0x0000000080000000,0x000000008084cd18,0x0000000085f80000)
 Metaspace       used 22095K, capacity 22464K, committed 22832K, reserved 1069056K
  class space    used 2447K, capacity 2582K, committed 2688K, reserved 1048576K
Event: 2.257 GC heap after
Heap after GC invocations=7 (full 1):
 PSYoungGen      total 104960K, used 3063K [0x00000000d5580000, 0x00000000de200000, 0x0000000100000000)
  eden space 101888K, 0% used [0x00000000d5580000,0x00000000d5580000,0x00000000db900000)
  from space 3072K, 99% used [0x00000000ddf00000,0x00000000de1fde78,0x00000000de200000)
  to   space 12288K, 0% used [0x00000000dca00000,0x00000000dca00000,0x00000000dd600000)
 ParOldGen       total 97792K, used 8507K [0x0000000080000000, 0x0000000085f80000, 0x00000000d5580000)
  object space 97792K, 8% used [0x0000000080000000,0x000000008084ed18,0x0000000085f80000)
 Metaspace       used 22095K, capacity 22464K, committed 22832K, reserved 1069056K
  class space    used 2447K, capacity 2582K, committed 2688K, reserved 1048576K
}
Event: 2.591 GC heap before
{Heap before GC invocations=8 (full 1):
 PSYoungGen      total 104960K, used 104951K [0x00000000d5580000, 0x00000000de200000, 0x0000000100000000)
  eden space 101888K, 100% used [0x00000000d5580000,0x00000000db900000,0x00000000db900000)
  from space 3072K, 99% used [0x00000000ddf00000,0x00000000de1fde78,0x00000000de200000)
  to   space 12288K, 0% used [0x00000000dca00000,0x00000000dca00000,0x00000000dd600000)
 ParOldGen       total 97792K, used 8507K [0x0000000080000000, 0x0000000085f80000, 0x00000000d5580000)
  object space 97792K, 8% used [0x0000000080000000,0x000000008084ed18,0x0000000085f80000)
 Metaspace       used 22518K, capacity 22868K, committed 23088K, reserved 1069056K
  class space    used 2476K, capacity 2590K, committed 2688K, reserved 1048576K
Event: 2.594 GC heap after
Heap after GC invocations=8 (full 1):
 PSYoungGen      total 131584K, used 5441K [0x00000000d5580000, 0x00000000e0680000, 0x0000000100000000)
  eden space 119296K, 0% used [0x00000000d5580000,0x00000000d5580000,0x00000000dca00000)
  from space 12288K, 44% used [0x00000000dca00000,0x00000000dcf505d0,0x00000000dd600000)
  to   space 11776K, 0% used [0x00000000dfb00000,0x00000000dfb00000,0x00000000e0680000)
 ParOldGen       total 97792K, used 8515K [0x0000000080000000, 0x0000000085f80000, 0x00000000d5580000)
  object space 97792K, 8% used [0x0000000080000000,0x0000000080850d18,0x0000000085f80000)
 Metaspace       used 22518K, capacity 22868K, committed 23088K, reserved 1069056K
  class space    used 2476K, capacity 2590K, committed 2688K, reserved 1048576K
}

Deoptimization events (10 events):
Event: 1.870 Thread 0x0000000003004000 Uncommon trap: reason=bimorphic action=maybe_recompile pc=0x000000000363f05c method=java.util.HashMap.putVal(ILjava/lang/Object;Ljava/lang/Object;ZZ)Ljava/lang/Object; @ 203
Event: 1.885 Thread 0x0000000003004000 Uncommon trap: reason=predicate action=maybe_recompile pc=0x0000000003733348 method=java.lang.String.regionMatches(ZILjava/lang/String;II)Z @ 63
Event: 1.942 Thread 0x0000000003004000 Uncommon trap: reason=unstable_if action=reinterpret pc=0x00000000032e24bc method=java.io.WinNTFileSystem.normalize(Ljava/lang/String;II)Ljava/lang/String; @ 8
Event: 2.019 Thread 0x0000000003004000 Uncommon trap: reason=predicate action=maybe_recompile pc=0x00000000034588e0 method=groovyjarjarantlr.InputBuffer.syncConsume()V @ 7
Event: 2.019 Thread 0x0000000003004000 Uncommon trap: reason=predicate action=maybe_recompile pc=0x000000000344a914 method=groovyjarjarantlr.InputBuffer.syncConsume()V @ 7
Event: 2.019 Thread 0x0000000003004000 Uncommon trap: reason=predicate action=maybe_recompile pc=0x00000000034599f4 method=groovyjarjarantlr.InputBuffer.syncConsume()V @ 7
Event: 2.066 Thread 0x0000000003004000 Uncommon trap: reason=unstable_if action=reinterpret pc=0x0000000003730b80 method=java.lang.Class$MethodArray.addIfNotPresent(Ljava/lang/reflect/Method;)V @ 19
Event: 2.190 Thread 0x0000000003004000 Uncommon trap: reason=unstable_if action=reinterpret pc=0x00000000038cbf7c method=java.io.WinNTFileSystem.isLetter(C)Z @ 3
Event: 2.552 Thread 0x0000000003004000 Uncommon trap: reason=unstable_if action=reinterpret pc=0x0000000003634124 method=java.lang.CharacterDataLatin1.digit(II)I @ 60
Event: 2.556 Thread 0x0000000003004000 Uncommon trap: reason=unstable_if action=reinterpret pc=0x00000000038dd3e8 method=groovy.lang.MetaClassImpl.checkIfStdMethod(Lgroovy/lang/MetaMethod;)V @ 9

Classes redefined (0 events):
No events

Internal exceptions (10 events):
Event: 2.700 Thread 0x0000000003004000 Exception <a 'java/lang/ClassNotFoundException': Script5BeanInfo> (0x00000000d6f7abf0) thrown at [C:\jenkins\workspace\zulu8-silver-build-win64\zulu-src\hotspot\src\share\vm\classfile\systemDictionary.cpp, line 220]
Event: 2.703 Thread 0x0000000003004000 Exception <a 'java/lang/ClassNotFoundException': Script5Customizer> (0x00000000d701afb0) thrown at [C:\jenkins\workspace\zulu8-silver-build-win64\zulu-src\hotspot\src\share\vm\classfile\systemDictionary.cpp, line 220]
Event: 2.711 Thread 0x0000000003004000 Exception <a 'java/lang/ClassNotFoundException': Script6BeanInfo> (0x00000000d7149dc0) thrown at [C:\jenkins\workspace\zulu8-silver-build-win64\zulu-src\hotspot\src\share\vm\classfile\systemDictionary.cpp, line 220]
Event: 2.714 Thread 0x0000000003004000 Exception <a 'java/lang/ClassNotFoundException': Script6Customizer> (0x00000000d71ea268) thrown at [C:\jenkins\workspace\zulu8-silver-build-win64\zulu-src\hotspot\src\share\vm\classfile\systemDictionary.cpp, line 220]
Event: 2.729 Thread 0x0000000003004000 Exception <a 'java/lang/ClassNotFoundException': com/kms/katalon/core/webui/keyword/WebUiBuiltInKeywordsBeanInfo> (0x00000000d74289c8) thrown at [C:\jenkins\workspace\zulu8-silver-build-win64\zulu-src\hotspot\src\share\vm\classfile\systemDictionary.cpp, l
Event: 2.732 Thread 0x0000000003004000 Exception <a 'java/lang/ClassNotFoundException': com/kms/katalon/core/keyword/BuiltinKeywordsBeanInfo> (0x00000000d74df830) thrown at [C:\jenkins\workspace\zulu8-silver-build-win64\zulu-src\hotspot\src\share\vm\classfile\systemDictionary.cpp, line 220]
Event: 2.734 Thread 0x0000000003004000 Exception <a 'java/lang/ClassNotFoundException': com/kms/katalon/core/keyword/BuiltinKeywordsCustomizer> (0x00000000d7599908) thrown at [C:\jenkins\workspace\zulu8-silver-build-win64\zulu-src\hotspot\src\share\vm\classfile\systemDictionary.cpp, line 220]
Event: 2.736 Thread 0x0000000003004000 Exception <a 'java/lang/ClassNotFoundException': com/kms/katalon/core/webui/keyword/WebUiBuiltInKeywordsCustomizer> (0x00000000d7681e40) thrown at [C:\jenkins\workspace\zulu8-silver-build-win64\zulu-src\hotspot\src\share\vm\classfile\systemDictionary.cpp,
Event: 2.745 Thread 0x0000000003004000 Exception <a 'java/lang/ClassNotFoundException': com/kms/katalon/core/constants/CoreConstantsBeanInfo> (0x00000000d78eb1a0) thrown at [C:\jenkins\workspace\zulu8-silver-build-win64\zulu-src\hotspot\src\share\vm\classfile\systemDictionary.cpp, line 220]
Event: 2.748 Thread 0x0000000003004000 Exception <a 'java/lang/ClassNotFoundException': com/kms/katalon/core/constants/CoreConstantsCustomizer> (0x00000000d79a5458) thrown at [C:\jenkins\workspace\zulu8-silver-build-win64\zulu-src\hotspot\src\share\vm\classfile\systemDictionary.cpp, line 220]

Events (10 events):
Event: 2.743 loading class com/kms/katalon/core/constants/CoreConstantsBeanInfo
Event: 2.743 loading class com/kms/katalon/core/constants/CoreConstantsBeanInfo done
Event: 2.745 loading class com/kms/katalon/core/constants/CoreConstantsBeanInfo
Event: 2.745 loading class com/kms/katalon/core/constants/CoreConstantsBeanInfo done
Event: 2.746 loading class com/kms/katalon/core/constants/CoreConstantsCustomizer
Event: 2.746 loading class com/kms/katalon/core/constants/CoreConstantsCustomizer done
Event: 2.746 loading class com/kms/katalon/core/constants/CoreConstantsCustomizer
Event: 2.746 loading class com/kms/katalon/core/constants/CoreConstantsCustomizer done
Event: 2.748 loading class com/kms/katalon/core/constants/CoreConstantsCustomizer
Event: 2.748 loading class com/kms/katalon/core/constants/CoreConstantsCustomizer done


Dynamic libraries:
0x00007ff71b4a0000 - 0x00007ff71b4d5000 	E:\Katalon_Studio_Windows_64-8.5.2\Katalon_Studio_Windows_64-8.5.2\jre\bin\javaw.exe
0x00007ffaf43b0000 - 0x00007ffaf45a8000 	C:\Windows\SYSTEM32\ntdll.dll
0x00007ffaf3ab0000 - 0x00007ffaf3b6f000 	C:\Windows\System32\KERNEL32.DLL
0x00007ffaf1da0000 - 0x00007ffaf2096000 	C:\Windows\System32\KERNELBASE.dll
0x00007ffae84d0000 - 0x00007ffae859f000 	C:\Program Files\Bitdefender\Endpoint Security\bdhkm\dlls_266263002039366268\bdhkm64.dll
0x00007ffae8210000 - 0x00007ffae8369000 	C:\Program Files\Bitdefender\Endpoint Security\atcuf\dlls_266708692577472674\atcuf64.dll
0x00007ffaf3de0000 - 0x00007ffaf3e8f000 	C:\Windows\System32\ADVAPI32.dll
0x00007ffaf2a60000 - 0x00007ffaf2afe000 	C:\Windows\System32\msvcrt.dll
0x00007ffaf3d10000 - 0x00007ffaf3dac000 	C:\Windows\System32\sechost.dll
0x00007ffaf3b70000 - 0x00007ffaf3c96000 	C:\Windows\System32\RPCRT4.dll
0x00007ffaf3fb0000 - 0x00007ffaf414d000 	C:\Windows\System32\USER32.dll
0x00007ffaf22c0000 - 0x00007ffaf22e2000 	C:\Windows\System32\win32u.dll
0x00007ffaf3db0000 - 0x00007ffaf3ddc000 	C:\Windows\System32\GDI32.dll
0x00007ffaf22f0000 - 0x00007ffaf2405000 	C:\Windows\System32\gdi32full.dll
0x00007ffaf21f0000 - 0x00007ffaf228d000 	C:\Windows\System32\msvcp_win.dll
0x00007ffaf20a0000 - 0x00007ffaf21a0000 	C:\Windows\System32\ucrtbase.dll
0x00007ffadbe70000 - 0x00007ffadc10a000 	C:\Windows\WinSxS\amd64_microsoft.windows.common-controls_6595b64144ccf1df_6.0.19041.1110_none_60b5254171f9507e\COMCTL32.dll
0x00007ffaf2b00000 - 0x00007ffaf2b30000 	C:\Windows\System32\IMM32.DLL
0x0000000063a20000 - 0x0000000063af2000 	E:\Katalon_Studio_Windows_64-8.5.2\Katalon_Studio_Windows_64-8.5.2\jre\bin\msvcr100.dll
0x0000000063be0000 - 0x00000000644a5000 	E:\Katalon_Studio_Windows_64-8.5.2\Katalon_Studio_Windows_64-8.5.2\jre\bin\server\jvm.dll
0x00007ffaf3ca0000 - 0x00007ffaf3ca8000 	C:\Windows\System32\PSAPI.DLL
0x00007ffadecd0000 - 0x00007ffadecd9000 	C:\Windows\SYSTEM32\WSOCK32.dll
0x00007ffaf4150000 - 0x00007ffaf41bb000 	C:\Windows\System32\WS2_32.dll
0x00007ffae2c40000 - 0x00007ffae2c67000 	C:\Windows\SYSTEM32\WINMM.dll
0x00007ffae87e0000 - 0x00007ffae87ea000 	C:\Windows\SYSTEM32\VERSION.dll
0x00007ffae8600000 - 0x00007ffae860f000 	E:\Katalon_Studio_Windows_64-8.5.2\Katalon_Studio_Windows_64-8.5.2\jre\bin\verify.dll
0x00007ffaccdf0000 - 0x00007ffacce19000 	E:\Katalon_Studio_Windows_64-8.5.2\Katalon_Studio_Windows_64-8.5.2\jre\bin\java.dll
0x00007ffae7dd0000 - 0x00007ffae7de6000 	E:\Katalon_Studio_Windows_64-8.5.2\Katalon_Studio_Windows_64-8.5.2\jre\bin\zip.dll
0x00007ffaf2e10000 - 0x00007ffaf3554000 	C:\Windows\System32\SHELL32.dll
0x00007ffaefad0000 - 0x00007ffaf0263000 	C:\Windows\SYSTEM32\windows.storage.dll
0x00007ffaf2550000 - 0x00007ffaf28a4000 	C:\Windows\System32\combase.dll
0x00007ffaf1320000 - 0x00007ffaf134e000 	C:\Windows\SYSTEM32\Wldp.dll
0x00007ffaf2b30000 - 0x00007ffaf2bdd000 	C:\Windows\System32\SHCORE.dll
0x00007ffaf3cb0000 - 0x00007ffaf3d05000 	C:\Windows\System32\shlwapi.dll
0x00007ffaf19c0000 - 0x00007ffaf19e5000 	C:\Windows\SYSTEM32\profapi.dll
0x00007ffae6fe0000 - 0x00007ffae6ffb000 	E:\Katalon_Studio_Windows_64-8.5.2\Katalon_Studio_Windows_64-8.5.2\jre\bin\net.dll
0x00007ffaf1100000 - 0x00007ffaf116a000 	C:\Windows\system32\mswsock.dll
0x00007ffac9de0000 - 0x00007ffac9df1000 	E:\Katalon_Studio_Windows_64-8.5.2\Katalon_Studio_Windows_64-8.5.2\jre\bin\nio.dll

VM Arguments:
jvm_args: -Dgroovy.home=C:\Users\tina/.groovy -Djava.system.class.loader=groovy.lang.GroovyClassLoader -Xmx2048m -Dfile.encoding=UTF-8 
java_command: org.codehaus.groovy.tools.GroovyStarter --classpath C:\Users\tina\Katalon Studio\MPluse\bin\keyword;C:\Users\tina\Katalon Studio\MPluse\Keywords;C:\Users\tina\Katalon Studio\MPluse\bin\listener;C:\Users\tina\Katalon Studio\MPluse\Test Listeners;C:\Users\tina\Katalon Studio\MPluse\bin\lib;C:\Users\tina\Katalon Studio\MPluse\Libs;C:\Users\tina\Katalon Studio\MPluse\bin\groovy;C:\Users\tina\Katalon Studio\MPluse\Include\scripts\groovy;E:\Katalon_Studio_Windows_64-8.5.2\Katalon_Studio_Windows_64-8.5.2\plugins\com.kms.katalon.core_1.0.0.202210191203.jar;E:\Katalon_Studio_Windows_64-8.5.2\Katalon_Studio_Windows_64-8.5.2\configuration\resources\lib\aalto-xml-1.0.0.jar;E:\Katalon_Studio_Windows_64-8.5.2\Katalon_Studio_Windows_64-8.5.2\configuration\resources\lib\aspectjweaver-1.9.1.jar;E:\Katalon_Studio_Windows_64-8.5.2\Katalon_Studio_Windows_64-8.5.2\configuration\resources\lib\bcpkix-jdk15on-1.64.jar;E:\Katalon_Studio_Windows_64-8.5.2\Katalon_Studio_Windows_64-8.5.2\configuration\resources\lib\bcprov-jdk15on-1.64.jar;E:\Katalon_Studio_Windows_64-8.5.2\Katalon_Studio_Windows_64-8.5.2\configuration\resources\lib\browsermob-core-2.1.5.jar;E:\Katalon_Studio_Windows_64-8.5.2\Katalon_Studio_Windows_64-8.5.2\configuration\resources\lib\cglib-3.2.10.jar;E:\Katalon_Studio_Windows_64-8.5.2\Katalon_Studio_Windows_64-8.5.2\configuration\resources\lib\commons-codec-1.10.jar;E:\Katalon_Studio_Windows_64-8.5.2\Katalon_Studio_Windows_64-8.5.2\configuration\resources\lib\commons-collections4-4.1.jar;E:\Katalon_Studio_Windows_64-8.5.2\Katalon_Studio_Windows_64-8.5.2\configuration\resources\lib\commons-validator-1.6.jar;E:\Katalon_Studio_Windows_64-8.5.2\Katalon_Studio_Windows_64-8.5.2\configuration\resources\lib\curvesapi-1.04.jar;E:\Katalon_Studio_Windows_64-8.5.2\Katalon_Studio_Windows_64-8.5.2\configuration\resources\lib\dnsjava-2.1.8.jar;E:\Katalon_Studio_Windows_64-8.5.2\Katalon_Studio_Windows_64-8.5.2\configuration\resources\lib\java-client-7.0.0.jar;E:\Katalon_Studio
java_class_path (initial): C:\Users\tina\Katalon Studio\MPluse\bin\keyword;C:\Users\tina\Katalon Studio\MPluse\bin\listener;C:\Users\tina\Katalon Studio\MPluse\bin\lib;C:\Users\tina\Katalon Studio\MPluse\bin\groovy;C:\Users\tina\Katalon Studio\MPluse\bin;E:\Katalon_Studio_Windows_64-8.5.2\Katalon_Studio_Windows_64-8.5.2\plugins\com.kms.katalon.core_1.0.0.202210191203.jar;E:\Katalon_Studio_Windows_64-8.5.2\Katalon_Studio_Windows_64-8.5.2\configuration\resources\lib\aalto-xml-1.0.0.jar;E:\Katalon_Studio_Windows_64-8.5.2\Katalon_Studio_Windows_64-8.5.2\configuration\resources\lib\aspectjweaver-1.9.1.jar;E:\Katalon_Studio_Windows_64-8.5.2\Katalon_Studio_Windows_64-8.5.2\configuration\resources\lib\bcpkix-jdk15on-1.64.jar;E:\Katalon_Studio_Windows_64-8.5.2\Katalon_Studio_Windows_64-8.5.2\configuration\resources\lib\bcprov-jdk15on-1.64.jar;E:\Katalon_Studio_Windows_64-8.5.2\Katalon_Studio_Windows_64-8.5.2\configuration\resources\lib\browsermob-core-2.1.5.jar;E:\Katalon_Studio_Windows_64-8.5.2\Katalon_Studio_Windows_64-8.5.2\configuration\resources\lib\cglib-3.2.10.jar;E:\Katalon_Studio_Windows_64-8.5.2\Katalon_Studio_Windows_64-8.5.2\configuration\resources\lib\commons-codec-1.10.jar;E:\Katalon_Studio_Windows_64-8.5.2\Katalon_Studio_Windows_64-8.5.2\configuration\resources\lib\commons-collections4-4.1.jar;E:\Katalon_Studio_Windows_64-8.5.2\Katalon_Studio_Windows_64-8.5.2\configuration\resources\lib\commons-validator-1.6.jar;E:\Katalon_Studio_Windows_64-8.5.2\Katalon_Studio_Windows_64-8.5.2\configuration\resources\lib\curvesapi-1.04.jar;E:\Katalon_Studio_Windows_64-8.5.2\Katalon_Studio_Windows_64-8.5.2\configuration\resources\lib\dnsjava-2.1.8.jar;E:\Katalon_Studio_Windows_64-8.5.2\Katalon_Studio_Windows_64-8.5.2\configuration\resources\lib\java-client-7.0.0.jar;E:\Katalon_Studio_Windows_64-8.5.2\Katalon_Studio_Windows_64-8.5.2\configuration\resources\lib\jna-4.1.0.jar;E:\Katalon_Studio_Windows_64-8.5.2\Katalon_Studio_Windows_64-8.5.2\configuration\resources\lib\jna-plat
Launcher Type: SUN_STANDARD

Environment Variables:
JAVA_HOME=C:\Program Files\Java\jdk-11.0.15
PATH=E:/Katalon_Studio_Windows_64-8.5.2/Katalon_Studio_Windows_64-8.5.2/jre/bin/server;E:/Katalon_Studio_Windows_64-8.5.2/Katalon_Studio_Windows_64-8.5.2/jre/bin;E:/Katalon_Studio_Windows_64-8.5.2/Katalon_Studio_Windows_64-8.5.2/jre/lib/amd64;C:\Program Files (x86)\Common Files\Oracle\Java\javapath;C:\ProgramData\Oracle\Java\javapath;C:\oraclexe\app\oracle\product\11.2.0\server\bin;C:\Windows\system32;C:\Windows;C:\Windows\System32\Wbem;C:\Windows\System32\WindowsPowerShell\v1.0\;C:\Windows\System32\OpenSSH\;C:\Program Files\Java\jdk-11.0.15;C:\Program Files\Git\cmd;C:\Users\vignesh\Downloads\apache-maven-3.8.5-bin\apache-maven-3.8.5\bin;;C:\Program Files\Docker\Docker\resources\bin;C:\ProgramData\DockerDesktop\version-bin;C:\Program Files\dotnet\;C:\Program Files\TortoiseGit\bin;C:\Program Files\nodejs\;C:\Users\tina\AppData\Local\Microsoft\WindowsApps;;E:\Katalon_Studio_Windows_64-8.5.2\Katalon_Studio_Windows_64-8.5.2;
USERNAME=tina
OS=Windows_NT
PROCESSOR_IDENTIFIER=Intel64 Family 6 Model 140 Stepping 1, GenuineIntel



---------------  S Y S T E M  ---------------

OS: Windows 10.0 , 64 bit Build 19041 (10.0.19041.3155)
HyperV virtualization detected

CPU:total 8 (initial active 8) (4 cores per cpu, 2 threads per core) family 6 model 140 stepping 1, cmov, cx8, fxsr, mmx, sse, sse2, sse3, ssse3, sse4.1, sse4.2, popcnt, avx, avx2, aes, clmul, erms, 3dnowpref, lzcnt, ht, tsc, tscinvbit, bmi1, bmi2, adx

Memory: 4k page, physical 16505632k(2991996k free), swap 47927708k(6108k free)

vm_info: OpenJDK 64-Bit Server VM (25.282-b08) for windows-amd64 JRE (Zulu 8.52.0.23-CA-win64) (1.8.0_282-b08), built on Jan 12 2021 07:45:49 by "tester" with MS VC++ 10.0 (VS2010)

time: Fri Sep 15 16:13:51 2023
timezone: India Standard Time
elapsed time: 2.923281 seconds (0d 0h 0m 2s)

