#
# There is insufficient memory for the Java Runtime Environment to continue.
# Native memory allocation (malloc) failed to allocate 1595776 bytes for Chunk::new
# Possible reasons:
#   The system is out of physical RAM or swap space
#   The process is running with CompressedOops enabled, and the Java Heap may be blocking the growth of the native heap
# Possible solutions:
#   Reduce memory load on the system
#   Increase physical memory or swap space
#   Check if swap backing store is full
#   Decrease Java heap size (-Xmx/-Xms)
#   Decrease number of Java threads
#   Decrease Java thread stack sizes (-Xss)
#   Set larger code cache with -XX:ReservedCodeCacheSize=
#   JVM is running with Unscaled Compressed Oops mode in which the Java heap is
#     placed in the first 4GB address space. The Java Heap base address is the
#     maximum limit for the native heap growth. Please use -XX:HeapBaseMinAddress
#     to set the Java Heap base and to place the Java Heap above 4GB virtual address.
# This output file may be truncated or incomplete.
#
#  Out of Memory Error (allocation.cpp:389), pid=33288, tid=0x000000000000bcbc
#
# JRE version: OpenJDK Runtime Environment (Zulu 8.52.0.23-CA-win64) (8.0_282-b08) (build 1.8.0_282-b08)
# Java VM: OpenJDK 64-Bit Server VM (25.282-b08 mixed mode windows-amd64 compressed oops)
# Failed to write core dump. Minidumps are not enabled by default on client versions of Windows
#

---------------  T H R E A D  ---------------

Current thread (0x000000001ab3a000):  JavaThread "C2 CompilerThread0" daemon [_thread_in_native, id=48316, stack(0x000000001b500000,0x000000001b600000)]

Stack: [0x000000001b500000,0x000000001b600000]
[error occurred during error reporting (printing stack bounds), id 0xc0000005]

Native frames: (J=compiled Java code, j=interpreted, Vv=VM code, C=native code)


Current CompileTask:
C2:   3018 2090       4       groovy.lang.MetaClassImpl$1MOPIter::methodNameAction (479 bytes)


---------------  P R O C E S S  ---------------

Java Threads: ( => current thread )
  0x000000001ab6f000 JavaThread "Service Thread" daemon [_thread_blocked, id=10256, stack(0x000000001b900000,0x000000001ba00000)]
  0x000000001ab42000 JavaThread "C1 CompilerThread3" daemon [_thread_blocked, id=35492, stack(0x000000001b800000,0x000000001b900000)]
  0x000000001ab3e000 JavaThread "C2 CompilerThread2" daemon [_thread_in_native, id=31804, stack(0x000000001b700000,0x000000001b800000)]
  0x000000001ab3d000 JavaThread "C2 CompilerThread1" daemon [_thread_in_native, id=33796, stack(0x000000001b600000,0x000000001b700000)]
=>0x000000001ab3a000 JavaThread "C2 CompilerThread0" daemon [_thread_in_native, id=48316, stack(0x000000001b500000,0x000000001b600000)]
  0x000000001ab25800 JavaThread "Attach Listener" daemon [_thread_blocked, id=19480, stack(0x000000001b400000,0x000000001b500000)]
  0x000000001ab24800 JavaThread "Signal Dispatcher" daemon [_thread_blocked, id=37288, stack(0x000000001b300000,0x000000001b400000)]
  0x000000001a427800 JavaThread "Finalizer" daemon [_thread_blocked, id=41276, stack(0x000000001a900000,0x000000001aa00000)]
  0x000000001a420800 JavaThread "Reference Handler" daemon [_thread_blocked, id=9980, stack(0x000000001a800000,0x000000001a900000)]
  0x00000000034d4000 JavaThread "main" [_thread_in_native, id=38120, stack(0x00000000033b0000,0x00000000034b0000)]

Other Threads:
  0x000000001862e800 VMThread [stack: 0x000000001a300000,0x000000001a400000] [id=3560]
  0x000000001ab48800 WatcherThread [stack: 0x000000001ba00000,0x000000001bb00000] [id=46352]

VM state:not at safepoint (normal execution)

VM Mutex/Monitor currently owned by a thread: None

heap address: 0x0000000080000000, size: 2048 MB, Compressed Oops mode: 32-bit
Narrow klass base: 0x0000000000000000, Narrow klass shift: 3
Compressed class space size: 1073741824 Address: 0x0000000100000000

Heap:
 PSYoungGen      total 98816K, used 37759K [0x00000000d5580000, 0x00000000ddf00000, 0x0000000100000000)
  eden space 86528K, 35% used [0x00000000d5580000,0x00000000d73abbf0,0x00000000daa00000)
  from space 12288K, 55% used [0x00000000daa00000,0x00000000db0b4010,0x00000000db600000)
  to   space 11776K, 0% used [0x00000000dd380000,0x00000000dd380000,0x00000000ddf00000)
 ParOldGen       total 115200K, used 10008K [0x0000000080000000, 0x0000000087080000, 0x00000000d5580000)
  object space 115200K, 8% used [0x0000000080000000,0x00000000809c62a8,0x0000000087080000)
 Metaspace       used 24032K, capacity 24376K, committed 24704K, reserved 1071104K
  class space    used 2727K, capacity 2863K, committed 2944K, reserved 1048576K

Card table byte_map: [0x0000000012980000,0x0000000012d90000] byte_map_base: 0x0000000012580000

Marking Bits: (ParMarkBitMap*) 0x0000000064421f00
 Begin Bits: [0x0000000013840000, 0x0000000015840000)
 End Bits:   [0x0000000015840000, 0x0000000017840000)

Polling page: 0x0000000000fd0000

CodeCache: size=245760Kb used=9598Kb max_used=9598Kb free=236161Kb
 bounds [0x00000000035c0000, 0x0000000003f30000, 0x00000000125c0000]
 total_blobs=2890 nmethods=2251 adapters=549
 compilation: enabled

Compilation events (10 events):
Event: 3.007 Thread 0x000000001ab42000 2247       3       groovyjarjarasm.asm.AnnotationWriter::putAnnotations (67 bytes)
Event: 3.007 Thread 0x000000001ab42000 nmethod 2247 0x0000000003f20d10 code [0x0000000003f20f00, 0x0000000003f21758]
Event: 3.011 Thread 0x000000001ab42000 2264       3       org.codehaus.groovy.runtime.callsite.AbstractCallSite::<init> (20 bytes)
Event: 3.011 Thread 0x000000001ab42000 nmethod 2264 0x0000000003f21a90 code [0x0000000003f21be0, 0x0000000003f21db0]
Event: 3.011 Thread 0x000000001ab42000 2265   !   3       org.codehaus.groovy.runtime.typehandling.ShortTypeHandling::castToClass (39 bytes)
Event: 3.011 Thread 0x000000001ab42000 nmethod 2265 0x0000000003f21e90 code [0x0000000003f22060, 0x0000000003f22818]
Event: 3.011 Thread 0x000000001ab42000 2266       3       java.lang.Class::annotationData (44 bytes)
Event: 3.011 Thread 0x000000001ab42000 nmethod 2266 0x0000000003f22ad0 code [0x0000000003f22c60, 0x0000000003f22fc8]
Event: 3.011 Thread 0x000000001ab42000 2267       3       java.lang.Class::getAnnotation (22 bytes)
Event: 3.012 Thread 0x000000001ab42000 nmethod 2267 0x0000000003f23110 code [0x0000000003f232c0, 0x0000000003f23768]

GC Heap History (10 events):
Event: 1.936 GC heap before
{Heap before GC invocations=4 (full 0):
 PSYoungGen      total 75264K, used 69454K [0x00000000d5580000, 0x00000000da980000, 0x0000000100000000)
  eden space 64512K, 94% used [0x00000000d5580000,0x00000000d9104cf0,0x00000000d9480000)
  from space 10752K, 79% used [0x00000000d9480000,0x00000000d9ccee38,0x00000000d9f00000)
  to   space 10752K, 0% used [0x00000000d9f00000,0x00000000d9f00000,0x00000000da980000)
 ParOldGen       total 172032K, used 32K [0x0000000080000000, 0x000000008a800000, 0x00000000d5580000)
  object space 172032K, 0% used [0x0000000080000000,0x0000000080008000,0x000000008a800000)
 Metaspace       used 20777K, capacity 21014K, committed 21296K, reserved 1069056K
  class space    used 2310K, capacity 2425K, committed 2432K, reserved 1048576K
Event: 1.942 GC heap after
Heap after GC invocations=4 (full 0):
 PSYoungGen      total 75264K, used 10165K [0x00000000d5580000, 0x00000000da980000, 0x0000000100000000)
  eden space 64512K, 0% used [0x00000000d5580000,0x00000000d5580000,0x00000000d9480000)
  from space 10752K, 94% used [0x00000000d9f00000,0x00000000da8ed6c0,0x00000000da980000)
  to   space 10752K, 0% used [0x00000000d9480000,0x00000000d9480000,0x00000000d9f00000)
 ParOldGen       total 172032K, used 104K [0x0000000080000000, 0x000000008a800000, 0x00000000d5580000)
  object space 172032K, 0% used [0x0000000080000000,0x000000008001a010,0x000000008a800000)
 Metaspace       used 20777K, capacity 21014K, committed 21296K, reserved 1069056K
  class space    used 2310K, capacity 2425K, committed 2432K, reserved 1048576K
}
Event: 1.942 GC heap before
{Heap before GC invocations=5 (full 1):
 PSYoungGen      total 75264K, used 10165K [0x00000000d5580000, 0x00000000da980000, 0x0000000100000000)
  eden space 64512K, 0% used [0x00000000d5580000,0x00000000d5580000,0x00000000d9480000)
  from space 10752K, 94% used [0x00000000d9f00000,0x00000000da8ed6c0,0x00000000da980000)
  to   space 10752K, 0% used [0x00000000d9480000,0x00000000d9480000,0x00000000d9f00000)
 ParOldGen       total 172032K, used 104K [0x0000000080000000, 0x000000008a800000, 0x00000000d5580000)
  object space 172032K, 0% used [0x0000000080000000,0x000000008001a010,0x000000008a800000)
 Metaspace       used 20777K, capacity 21014K, committed 21296K, reserved 1069056K
  class space    used 2310K, capacity 2425K, committed 2432K, reserved 1048576K
Event: 1.972 GC heap after
Heap after GC invocations=5 (full 1):
 PSYoungGen      total 75264K, used 0K [0x00000000d5580000, 0x00000000da980000, 0x0000000100000000)
  eden space 64512K, 0% used [0x00000000d5580000,0x00000000d5580000,0x00000000d9480000)
  from space 10752K, 0% used [0x00000000d9f00000,0x00000000d9f00000,0x00000000da980000)
  to   space 10752K, 0% used [0x00000000d9480000,0x00000000d9480000,0x00000000d9f00000)
 ParOldGen       total 115200K, used 9992K [0x0000000080000000, 0x0000000087080000, 0x00000000d5580000)
  object space 115200K, 8% used [0x0000000080000000,0x00000000809c22a8,0x0000000087080000)
 Metaspace       used 20777K, capacity 21014K, committed 21296K, reserved 1069056K
  class space    used 2310K, capacity 2425K, committed 2432K, reserved 1048576K
}
Event: 2.230 GC heap before
{Heap before GC invocations=6 (full 1):
 PSYoungGen      total 75264K, used 64512K [0x00000000d5580000, 0x00000000da980000, 0x0000000100000000)
  eden space 64512K, 100% used [0x00000000d5580000,0x00000000d9480000,0x00000000d9480000)
  from space 10752K, 0% used [0x00000000d9f00000,0x00000000d9f00000,0x00000000da980000)
  to   space 10752K, 0% used [0x00000000d9480000,0x00000000d9480000,0x00000000d9f00000)
 ParOldGen       total 115200K, used 9992K [0x0000000080000000, 0x0000000087080000, 0x00000000d5580000)
  object space 115200K, 8% used [0x0000000080000000,0x00000000809c22a8,0x0000000087080000)
 Metaspace       used 21835K, capacity 22206K, committed 22448K, reserved 1069056K
  class space    used 2414K, capacity 2542K, committed 2560K, reserved 1048576K
Event: 2.231 GC heap after
Heap after GC invocations=6 (full 1):
 PSYoungGen      total 75264K, used 2433K [0x00000000d5580000, 0x00000000dc180000, 0x0000000100000000)
  eden space 64512K, 0% used [0x00000000d5580000,0x00000000d5580000,0x00000000d9480000)
  from space 10752K, 22% used [0x00000000d9480000,0x00000000d96e05a8,0x00000000d9f00000)
  to   space 11776K, 0% used [0x00000000db600000,0x00000000db600000,0x00000000dc180000)
 ParOldGen       total 115200K, used 10000K [0x0000000080000000, 0x0000000087080000, 0x00000000d5580000)
  object space 115200K, 8% used [0x0000000080000000,0x00000000809c42a8,0x0000000087080000)
 Metaspace       used 21835K, capacity 22206K, committed 22448K, reserved 1069056K
  class space    used 2414K, capacity 2542K, committed 2560K, reserved 1048576K
}
Event: 2.409 GC heap before
{Heap before GC invocations=7 (full 1):
 PSYoungGen      total 75264K, used 66945K [0x00000000d5580000, 0x00000000dc180000, 0x0000000100000000)
  eden space 64512K, 100% used [0x00000000d5580000,0x00000000d9480000,0x00000000d9480000)
  from space 10752K, 22% used [0x00000000d9480000,0x00000000d96e05a8,0x00000000d9f00000)
  to   space 11776K, 0% used [0x00000000db600000,0x00000000db600000,0x00000000dc180000)
 ParOldGen       total 115200K, used 10000K [0x0000000080000000, 0x0000000087080000, 0x00000000d5580000)
  object space 115200K, 8% used [0x0000000080000000,0x00000000809c42a8,0x0000000087080000)
 Metaspace       used 22077K, capacity 22398K, committed 22704K, reserved 1069056K
  class space    used 2420K, capacity 2542K, committed 2560K, reserved 1048576K
Event: 2.410 GC heap after
Heap after GC invocations=7 (full 1):
 PSYoungGen      total 98304K, used 2353K [0x00000000d5580000, 0x00000000dc200000, 0x0000000100000000)
  eden space 86528K, 0% used [0x00000000d5580000,0x00000000d5580000,0x00000000daa00000)
  from space 11776K, 19% used [0x00000000db600000,0x00000000db84c5e0,0x00000000dc180000)
  to   space 12288K, 0% used [0x00000000daa00000,0x00000000daa00000,0x00000000db600000)
 ParOldGen       total 115200K, used 10000K [0x0000000080000000, 0x0000000087080000, 0x00000000d5580000)
  object space 115200K, 8% used [0x0000000080000000,0x00000000809c42a8,0x0000000087080000)
 Metaspace       used 22077K, capacity 22398K, committed 22704K, reserved 1069056K
  class space    used 2420K, capacity 2542K, committed 2560K, reserved 1048576K
}
Event: 2.859 GC heap before
{Heap before GC invocations=8 (full 1):
 PSYoungGen      total 98304K, used 88881K [0x00000000d5580000, 0x00000000dc200000, 0x0000000100000000)
  eden space 86528K, 100% used [0x00000000d5580000,0x00000000daa00000,0x00000000daa00000)
  from space 11776K, 19% used [0x00000000db600000,0x00000000db84c5e0,0x00000000dc180000)
  to   space 12288K, 0% used [0x00000000daa00000,0x00000000daa00000,0x00000000db600000)
 ParOldGen       total 115200K, used 10000K [0x0000000080000000, 0x0000000087080000, 0x00000000d5580000)
  object space 115200K, 8% used [0x0000000080000000,0x00000000809c42a8,0x0000000087080000)
 Metaspace       used 23048K, capacity 23370K, committed 23808K, reserved 1071104K
  class space    used 2573K, capacity 2698K, committed 2816K, reserved 1048576K
Event: 2.864 GC heap after
Heap after GC invocations=8 (full 1):
 PSYoungGen      total 98816K, used 6864K [0x00000000d5580000, 0x00000000ddf00000, 0x0000000100000000)
  eden space 86528K, 0% used [0x00000000d5580000,0x00000000d5580000,0x00000000daa00000)
  from space 12288K, 55% used [0x00000000daa00000,0x00000000db0b4010,0x00000000db600000)
  to   space 11776K, 0% used [0x00000000dd380000,0x00000000dd380000,0x00000000ddf00000)
 ParOldGen       total 115200K, used 10008K [0x0000000080000000, 0x0000000087080000, 0x00000000d5580000)
  object space 115200K, 8% used [0x0000000080000000,0x00000000809c62a8,0x0000000087080000)
 Metaspace       used 23048K, capacity 23370K, committed 23808K, reserved 1071104K
  class space    used 2573K, capacity 2698K, committed 2816K, reserved 1048576K
}

Deoptimization events (10 events):
Event: 1.570 Thread 0x00000000034d4000 Uncommon trap: reason=unstable_if action=reinterpret pc=0x00000000037f3180 method=java.io.DataInputStream.readUTF(Ljava/io/DataInput;)Ljava/lang/String; @ 31
Event: 1.583 Thread 0x00000000034d4000 Uncommon trap: reason=unstable_if action=reinterpret pc=0x0000000003bde1f0 method=sun.misc.URLClassPath$FileLoader.getResource(Ljava/lang/String;Z)Lsun/misc/Resource; @ 139
Event: 1.589 Thread 0x00000000034d4000 Uncommon trap: reason=unstable_if action=reinterpret pc=0x0000000003892d24 method=java.io.WinNTFileSystem.prefixLength(Ljava/lang/String;)I @ 42
Event: 1.862 Thread 0x00000000034d4000 Uncommon trap: reason=unstable_if action=reinterpret pc=0x00000000037c31f8 method=java.io.WinNTFileSystem.normalize(Ljava/lang/String;II)Ljava/lang/String; @ 8
Event: 1.918 Thread 0x00000000034d4000 Uncommon trap: reason=unstable_if action=reinterpret pc=0x000000000396f4fc method=java.util.HashMap.getNode(ILjava/lang/Object;)Ljava/util/HashMap$Node; @ 129
Event: 1.918 Thread 0x00000000034d4000 Uncommon trap: reason=bimorphic action=maybe_recompile pc=0x0000000003af9b5c method=java.util.HashMap.putVal(ILjava/lang/Object;Ljava/lang/Object;ZZ)Ljava/lang/Object; @ 203
Event: 2.111 Thread 0x00000000034d4000 Uncommon trap: reason=unstable_if action=reinterpret pc=0x0000000003be5a00 method=java.lang.Class$MethodArray.addIfNotPresent(Ljava/lang/reflect/Method;)V @ 19
Event: 2.172 Thread 0x00000000034d4000 Uncommon trap: reason=unstable_if action=reinterpret pc=0x00000000037af604 method=java.io.WinNTFileSystem.isLetter(C)Z @ 3
Event: 2.505 Thread 0x00000000034d4000 Uncommon trap: reason=unstable_if action=reinterpret pc=0x0000000003d9344c method=groovy.lang.MetaClassImpl.checkIfStdMethod(Lgroovy/lang/MetaMethod;)V @ 9
Event: 2.972 Thread 0x00000000034d4000 Uncommon trap: reason=unstable_if action=reinterpret pc=0x0000000003c50e1c method=java.util.zip.ZipFile$ZipEntryIterator.hasNext()Z @ 25

Classes redefined (0 events):
No events

Internal exceptions (10 events):
Event: 2.979 Thread 0x00000000034d4000 Exception <a 'java/lang/ClassNotFoundException': com/kms/katalon/core/webui/keyword/builtin/OpenBrowserKeywordBeanInfo> (0x00000000d68066b0) thrown at [C:\jenkins\workspace\zulu8-silver-build-win64\zulu-src\hotspot\src\share\vm\classfile\systemDictionary.
Event: 2.982 Thread 0x00000000034d4000 Exception <a 'java/lang/ClassNotFoundException': com/kms/katalon/core/webui/keyword/internal/WebUIAbstractKeywordBeanInfo> (0x00000000d68e8170) thrown at [C:\jenkins\workspace\zulu8-silver-build-win64\zulu-src\hotspot\src\share\vm\classfile\systemDictiona
Event: 2.984 Thread 0x00000000034d4000 Exception <a 'java/lang/ClassNotFoundException': com/kms/katalon/core/keyword/internal/AbstractKeywordBeanInfo> (0x00000000d69b20f0) thrown at [C:\jenkins\workspace\zulu8-silver-build-win64\zulu-src\hotspot\src\share\vm\classfile\systemDictionary.cpp, lin
Event: 2.986 Thread 0x00000000034d4000 Exception <a 'java/lang/ClassNotFoundException': com/kms/katalon/core/keyword/internal/AbstractKeywordCustomizer> (0x00000000d6a80df0) thrown at [C:\jenkins\workspace\zulu8-silver-build-win64\zulu-src\hotspot\src\share\vm\classfile\systemDictionary.cpp, l
Event: 2.989 Thread 0x00000000034d4000 Exception <a 'java/lang/ClassNotFoundException': com/kms/katalon/core/webui/keyword/internal/WebUIAbstractKeywordCustomizer> (0x00000000d6b6d1a0) thrown at [C:\jenkins\workspace\zulu8-silver-build-win64\zulu-src\hotspot\src\share\vm\classfile\systemDictio
Event: 2.991 Thread 0x00000000034d4000 Exception <a 'java/lang/ClassNotFoundException': com/kms/katalon/core/webui/keyword/builtin/OpenBrowserKeywordCustomizer> (0x00000000d6c54728) thrown at [C:\jenkins\workspace\zulu8-silver-build-win64\zulu-src\hotspot\src\share\vm\classfile\systemDictionar
Event: 2.995 Thread 0x00000000034d4000 Exception <a 'java/lang/ClassNotFoundException': com/kms/katalon/core/logging/KeywordLoggerBeanInfo> (0x00000000d6d4a7f0) thrown at [C:\jenkins\workspace\zulu8-silver-build-win64\zulu-src\hotspot\src\share\vm\classfile\systemDictionary.cpp, line 220]
Event: 2.998 Thread 0x00000000034d4000 Exception <a 'java/lang/ClassNotFoundException': com/kms/katalon/core/logging/KeywordLoggerCustomizer> (0x00000000d6e01d98) thrown at [C:\jenkins\workspace\zulu8-silver-build-win64\zulu-src\hotspot\src\share\vm\classfile\systemDictionary.cpp, line 220]
Event: 3.008 Thread 0x00000000034d4000 Exception <a 'java/lang/ClassNotFoundException': com/kms/katalon/core/webui/keyword/builtin/InternalSmartWaitGroovyWrapperBeanInfo> (0x00000000d70c5d78) thrown at [C:\jenkins\workspace\zulu8-silver-build-win64\zulu-src\hotspot\src\share\vm\classfile\syste
Event: 3.010 Thread 0x00000000034d4000 Exception <a 'java/lang/ClassNotFoundException': com/kms/katalon/core/webui/keyword/builtin/InternalSmartWaitGroovyWrapperCustomizer> (0x00000000d71c1960) thrown at [C:\jenkins\workspace\zulu8-silver-build-win64\zulu-src\hotspot\src\share\vm\classfile\sys

Events (10 events):
Event: 3.009 loading class com/kms/katalon/core/webui/keyword/builtin/InternalSmartWaitGroovyWrapperCustomizer
Event: 3.009 loading class com/kms/katalon/core/webui/keyword/builtin/InternalSmartWaitGroovyWrapperCustomizer done
Event: 3.010 loading class com/kms/katalon/core/webui/keyword/builtin/InternalSmartWaitGroovyWrapperCustomizer
Event: 3.010 loading class com/kms/katalon/core/webui/keyword/builtin/InternalSmartWaitGroovyWrapperCustomizer done
Event: 3.011 loading class org/codehaus/groovy/runtime/ArrayUtil
Event: 3.011 loading class org/codehaus/groovy/runtime/ArrayUtil done
Event: 3.012 loading class org/codehaus/groovy/runtime/typehandling/DefaultTypeTransformation
Event: 3.012 loading class org/codehaus/groovy/runtime/typehandling/DefaultTypeTransformation done
Event: 3.013 loading class groovy/runtime/metaclass/com/kms/katalon/core/webui/keyword/builtin/OpenBrowserKeyword$_openBrowser_closure1MetaClass
Event: 3.013 loading class groovy/runtime/metaclass/com/kms/katalon/core/webui/keyword/builtin/OpenBrowserKeyword$_openBrowser_closure1MetaClass done


Dynamic libraries:
0x00007ff71b4a0000 - 0x00007ff71b4d5000 	E:\Katalon_Studio_Windows_64-8.5.2\Katalon_Studio_Windows_64-8.5.2\jre\bin\javaw.exe
0x00007ffaf43b0000 - 0x00007ffaf45a8000 	C:\Windows\SYSTEM32\ntdll.dll
0x00007ffaf3ab0000 - 0x00007ffaf3b6f000 	C:\Windows\System32\KERNEL32.DLL
0x00007ffaf1da0000 - 0x00007ffaf2096000 	C:\Windows\System32\KERNELBASE.dll
0x00007ffae84d0000 - 0x00007ffae859f000 	C:\Program Files\Bitdefender\Endpoint Security\bdhkm\dlls_266263002039366268\bdhkm64.dll
0x00007ffae8210000 - 0x00007ffae8369000 	C:\Program Files\Bitdefender\Endpoint Security\atcuf\dlls_266708692577472674\atcuf64.dll
0x00007ffaf3de0000 - 0x00007ffaf3e8f000 	C:\Windows\System32\ADVAPI32.dll
0x00007ffaf2a60000 - 0x00007ffaf2afe000 	C:\Windows\System32\msvcrt.dll
0x00007ffaf3d10000 - 0x00007ffaf3dac000 	C:\Windows\System32\sechost.dll
0x00007ffaf3b70000 - 0x00007ffaf3c96000 	C:\Windows\System32\RPCRT4.dll
0x00007ffaf3fb0000 - 0x00007ffaf414d000 	C:\Windows\System32\USER32.dll
0x00007ffaf22c0000 - 0x00007ffaf22e2000 	C:\Windows\System32\win32u.dll
0x00007ffaf3db0000 - 0x00007ffaf3ddc000 	C:\Windows\System32\GDI32.dll
0x00007ffaf22f0000 - 0x00007ffaf2405000 	C:\Windows\System32\gdi32full.dll
0x00007ffaf21f0000 - 0x00007ffaf228d000 	C:\Windows\System32\msvcp_win.dll
0x00007ffaf20a0000 - 0x00007ffaf21a0000 	C:\Windows\System32\ucrtbase.dll
0x00007ffadbe70000 - 0x00007ffadc10a000 	C:\Windows\WinSxS\amd64_microsoft.windows.common-controls_6595b64144ccf1df_6.0.19041.1110_none_60b5254171f9507e\COMCTL32.dll
0x00007ffaf2b00000 - 0x00007ffaf2b30000 	C:\Windows\System32\IMM32.DLL
0x0000000063a20000 - 0x0000000063af2000 	E:\Katalon_Studio_Windows_64-8.5.2\Katalon_Studio_Windows_64-8.5.2\jre\bin\msvcr100.dll
0x0000000063be0000 - 0x00000000644a5000 	E:\Katalon_Studio_Windows_64-8.5.2\Katalon_Studio_Windows_64-8.5.2\jre\bin\server\jvm.dll
0x00007ffaf3ca0000 - 0x00007ffaf3ca8000 	C:\Windows\System32\PSAPI.DLL
0x00007ffadecd0000 - 0x00007ffadecd9000 	C:\Windows\SYSTEM32\WSOCK32.dll
0x00007ffaf4150000 - 0x00007ffaf41bb000 	C:\Windows\System32\WS2_32.dll
0x00007ffae2c40000 - 0x00007ffae2c67000 	C:\Windows\SYSTEM32\WINMM.dll
0x00007ffae87e0000 - 0x00007ffae87ea000 	C:\Windows\SYSTEM32\VERSION.dll
0x00007ffae8600000 - 0x00007ffae860f000 	E:\Katalon_Studio_Windows_64-8.5.2\Katalon_Studio_Windows_64-8.5.2\jre\bin\verify.dll
0x00007ffaccdf0000 - 0x00007ffacce19000 	E:\Katalon_Studio_Windows_64-8.5.2\Katalon_Studio_Windows_64-8.5.2\jre\bin\java.dll
0x00007ffae7dd0000 - 0x00007ffae7de6000 	E:\Katalon_Studio_Windows_64-8.5.2\Katalon_Studio_Windows_64-8.5.2\jre\bin\zip.dll
0x00007ffaf2e10000 - 0x00007ffaf3554000 	C:\Windows\System32\SHELL32.dll
0x00007ffaefad0000 - 0x00007ffaf0263000 	C:\Windows\SYSTEM32\windows.storage.dll
0x00007ffaf2550000 - 0x00007ffaf28a4000 	C:\Windows\System32\combase.dll
0x00007ffaf1320000 - 0x00007ffaf134e000 	C:\Windows\SYSTEM32\Wldp.dll
0x00007ffaf2b30000 - 0x00007ffaf2bdd000 	C:\Windows\System32\SHCORE.dll
0x00007ffaf3cb0000 - 0x00007ffaf3d05000 	C:\Windows\System32\shlwapi.dll
0x00007ffaf19c0000 - 0x00007ffaf19e5000 	C:\Windows\SYSTEM32\profapi.dll
0x00007ffae6fe0000 - 0x00007ffae6ffb000 	E:\Katalon_Studio_Windows_64-8.5.2\Katalon_Studio_Windows_64-8.5.2\jre\bin\net.dll
0x00007ffaf1100000 - 0x00007ffaf116a000 	C:\Windows\system32\mswsock.dll
0x00007ffac9de0000 - 0x00007ffac9df1000 	E:\Katalon_Studio_Windows_64-8.5.2\Katalon_Studio_Windows_64-8.5.2\jre\bin\nio.dll

VM Arguments:
jvm_args: -Dgroovy.home=C:\Users\tina/.groovy -Djava.system.class.loader=groovy.lang.GroovyClassLoader -Xmx2048m -Dfile.encoding=UTF-8 
java_command: org.codehaus.groovy.tools.GroovyStarter --classpath C:\Users\tina\Katalon Studio\MPluse\bin\keyword;C:\Users\tina\Katalon Studio\MPluse\Keywords;C:\Users\tina\Katalon Studio\MPluse\bin\listener;C:\Users\tina\Katalon Studio\MPluse\Test Listeners;C:\Users\tina\Katalon Studio\MPluse\bin\lib;C:\Users\tina\Katalon Studio\MPluse\Libs;C:\Users\tina\Katalon Studio\MPluse\bin\groovy;C:\Users\tina\Katalon Studio\MPluse\Include\scripts\groovy;E:\Katalon_Studio_Windows_64-8.5.2\Katalon_Studio_Windows_64-8.5.2\plugins\com.kms.katalon.core_1.0.0.202210191203.jar;E:\Katalon_Studio_Windows_64-8.5.2\Katalon_Studio_Windows_64-8.5.2\configuration\resources\lib\aalto-xml-1.0.0.jar;E:\Katalon_Studio_Windows_64-8.5.2\Katalon_Studio_Windows_64-8.5.2\configuration\resources\lib\aspectjweaver-1.9.1.jar;E:\Katalon_Studio_Windows_64-8.5.2\Katalon_Studio_Windows_64-8.5.2\configuration\resources\lib\bcpkix-jdk15on-1.64.jar;E:\Katalon_Studio_Windows_64-8.5.2\Katalon_Studio_Windows_64-8.5.2\configuration\resources\lib\bcprov-jdk15on-1.64.jar;E:\Katalon_Studio_Windows_64-8.5.2\Katalon_Studio_Windows_64-8.5.2\configuration\resources\lib\browsermob-core-2.1.5.jar;E:\Katalon_Studio_Windows_64-8.5.2\Katalon_Studio_Windows_64-8.5.2\configuration\resources\lib\cglib-3.2.10.jar;E:\Katalon_Studio_Windows_64-8.5.2\Katalon_Studio_Windows_64-8.5.2\configuration\resources\lib\commons-codec-1.10.jar;E:\Katalon_Studio_Windows_64-8.5.2\Katalon_Studio_Windows_64-8.5.2\configuration\resources\lib\commons-collections4-4.1.jar;E:\Katalon_Studio_Windows_64-8.5.2\Katalon_Studio_Windows_64-8.5.2\configuration\resources\lib\commons-validator-1.6.jar;E:\Katalon_Studio_Windows_64-8.5.2\Katalon_Studio_Windows_64-8.5.2\configuration\resources\lib\curvesapi-1.04.jar;E:\Katalon_Studio_Windows_64-8.5.2\Katalon_Studio_Windows_64-8.5.2\configuration\resources\lib\dnsjava-2.1.8.jar;E:\Katalon_Studio_Windows_64-8.5.2\Katalon_Studio_Windows_64-8.5.2\configuration\resources\lib\java-client-7.0.0.jar;E:\Katalon_Studio
java_class_path (initial): C:\Users\tina\Katalon Studio\MPluse\bin\keyword;C:\Users\tina\Katalon Studio\MPluse\bin\listener;C:\Users\tina\Katalon Studio\MPluse\bin\lib;C:\Users\tina\Katalon Studio\MPluse\bin\groovy;C:\Users\tina\Katalon Studio\MPluse\bin;E:\Katalon_Studio_Windows_64-8.5.2\Katalon_Studio_Windows_64-8.5.2\plugins\com.kms.katalon.core_1.0.0.202210191203.jar;E:\Katalon_Studio_Windows_64-8.5.2\Katalon_Studio_Windows_64-8.5.2\configuration\resources\lib\aalto-xml-1.0.0.jar;E:\Katalon_Studio_Windows_64-8.5.2\Katalon_Studio_Windows_64-8.5.2\configuration\resources\lib\aspectjweaver-1.9.1.jar;E:\Katalon_Studio_Windows_64-8.5.2\Katalon_Studio_Windows_64-8.5.2\configuration\resources\lib\bcpkix-jdk15on-1.64.jar;E:\Katalon_Studio_Windows_64-8.5.2\Katalon_Studio_Windows_64-8.5.2\configuration\resources\lib\bcprov-jdk15on-1.64.jar;E:\Katalon_Studio_Windows_64-8.5.2\Katalon_Studio_Windows_64-8.5.2\configuration\resources\lib\browsermob-core-2.1.5.jar;E:\Katalon_Studio_Windows_64-8.5.2\Katalon_Studio_Windows_64-8.5.2\configuration\resources\lib\cglib-3.2.10.jar;E:\Katalon_Studio_Windows_64-8.5.2\Katalon_Studio_Windows_64-8.5.2\configuration\resources\lib\commons-codec-1.10.jar;E:\Katalon_Studio_Windows_64-8.5.2\Katalon_Studio_Windows_64-8.5.2\configuration\resources\lib\commons-collections4-4.1.jar;E:\Katalon_Studio_Windows_64-8.5.2\Katalon_Studio_Windows_64-8.5.2\configuration\resources\lib\commons-validator-1.6.jar;E:\Katalon_Studio_Windows_64-8.5.2\Katalon_Studio_Windows_64-8.5.2\configuration\resources\lib\curvesapi-1.04.jar;E:\Katalon_Studio_Windows_64-8.5.2\Katalon_Studio_Windows_64-8.5.2\configuration\resources\lib\dnsjava-2.1.8.jar;E:\Katalon_Studio_Windows_64-8.5.2\Katalon_Studio_Windows_64-8.5.2\configuration\resources\lib\java-client-7.0.0.jar;E:\Katalon_Studio_Windows_64-8.5.2\Katalon_Studio_Windows_64-8.5.2\configuration\resources\lib\jna-4.1.0.jar;E:\Katalon_Studio_Windows_64-8.5.2\Katalon_Studio_Windows_64-8.5.2\configuration\resources\lib\jna-plat
Launcher Type: SUN_STANDARD

Environment Variables:
JAVA_HOME=C:\Program Files\Java\jdk-11.0.15
PATH=E:/Katalon_Studio_Windows_64-8.5.2/Katalon_Studio_Windows_64-8.5.2/jre/bin/server;E:/Katalon_Studio_Windows_64-8.5.2/Katalon_Studio_Windows_64-8.5.2/jre/bin;E:/Katalon_Studio_Windows_64-8.5.2/Katalon_Studio_Windows_64-8.5.2/jre/lib/amd64;C:\Program Files (x86)\Common Files\Oracle\Java\javapath;C:\ProgramData\Oracle\Java\javapath;C:\oraclexe\app\oracle\product\11.2.0\server\bin;C:\Windows\system32;C:\Windows;C:\Windows\System32\Wbem;C:\Windows\System32\WindowsPowerShell\v1.0\;C:\Windows\System32\OpenSSH\;C:\Program Files\Java\jdk-11.0.15;C:\Program Files\Git\cmd;C:\Users\vignesh\Downloads\apache-maven-3.8.5-bin\apache-maven-3.8.5\bin;;C:\Program Files\Docker\Docker\resources\bin;C:\ProgramData\DockerDesktop\version-bin;C:\Program Files\dotnet\;C:\Program Files\TortoiseGit\bin;C:\Program Files\nodejs\;C:\Users\tina\AppData\Local\Microsoft\WindowsApps;;E:\Katalon_Studio_Windows_64-8.5.2\Katalon_Studio_Windows_64-8.5.2;
USERNAME=tina
OS=Windows_NT
PROCESSOR_IDENTIFIER=Intel64 Family 6 Model 140 Stepping 1, GenuineIntel



---------------  S Y S T E M  ---------------

OS: Windows 10.0 , 64 bit Build 19041 (10.0.19041.3155)
HyperV virtualization detected

CPU:total 8 (initial active 8) (4 cores per cpu, 2 threads per core) family 6 model 140 stepping 1, cmov, cx8, fxsr, mmx, sse, sse2, sse3, ssse3, sse4.1, sse4.2, popcnt, avx, avx2, aes, clmul, erms, 3dnowpref, lzcnt, ht, tsc, tscinvbit, bmi1, bmi2, adx

Memory: 4k page, physical 16505632k(2969200k free), swap 47927708k(5136k free)

vm_info: OpenJDK 64-Bit Server VM (25.282-b08) for windows-amd64 JRE (Zulu 8.52.0.23-CA-win64) (1.8.0_282-b08), built on Jan 12 2021 07:45:49 by "tester" with MS VC++ 10.0 (VS2010)

time: Fri Sep 15 16:19:14 2023
timezone: India Standard Time
elapsed time: 3.023505 seconds (0d 0h 0m 3s)

