#
# There is insufficient memory for the Java Runtime Environment to continue.
# Native memory allocation (malloc) failed to allocate 1560736 bytes for Chunk::new
# Possible reasons:
#   The system is out of physical RAM or swap space
#   The process is running with CompressedOops enabled, and the Java Heap may be blocking the growth of the native heap
# Possible solutions:
#   Reduce memory load on the system
#   Increase physical memory or swap space
#   Check if swap backing store is full
#   Decrease Java heap size (-Xmx/-Xms)
#   Decrease number of Java threads
#   Decrease Java thread stack sizes (-Xss)
#   Set larger code cache with -XX:ReservedCodeCacheSize=
#   JVM is running with Unscaled Compressed Oops mode in which the Java heap is
#     placed in the first 4GB address space. The Java Heap base address is the
#     maximum limit for the native heap growth. Please use -XX:HeapBaseMinAddress
#     to set the Java Heap base and to place the Java Heap above 4GB virtual address.
# This output file may be truncated or incomplete.
#
#  Out of Memory Error (allocation.cpp:389), pid=49012, tid=0x0000000000009458
#
# JRE version: OpenJDK Runtime Environment (Zulu 8.52.0.23-CA-win64) (8.0_282-b08) (build 1.8.0_282-b08)
# Java VM: OpenJDK 64-Bit Server VM (25.282-b08 mixed mode windows-amd64 compressed oops)
# Failed to write core dump. Minidumps are not enabled by default on client versions of Windows
#

---------------  T H R E A D  ---------------

Current thread (0x000000001a6be000):  JavaThread "C2 CompilerThread2" daemon [_thread_in_native, id=37976, stack(0x000000001b290000,0x000000001b390000)]

Stack: [0x000000001b290000,0x000000001b390000]
[error occurred during error reporting (printing stack bounds), id 0xc0000005]

Native frames: (J=compiled Java code, j=interpreted, Vv=VM code, C=native code)


Current CompileTask:
C2:   3090 2168   !   4       java.net.URLClassLoader$1::run (63 bytes)


---------------  P R O C E S S  ---------------

Java Threads: ( => current thread )
  0x000000001a6ff800 JavaThread "Service Thread" daemon [_thread_blocked, id=44528, stack(0x000000001b490000,0x000000001b590000)]
  0x000000001a6c2000 JavaThread "C1 CompilerThread3" daemon [_thread_blocked, id=33196, stack(0x000000001b390000,0x000000001b490000)]
=>0x000000001a6be000 JavaThread "C2 CompilerThread2" daemon [_thread_in_native, id=37976, stack(0x000000001b290000,0x000000001b390000)]
  0x000000001a6bc800 JavaThread "C2 CompilerThread1" daemon [_thread_in_native, id=37572, stack(0x000000001b190000,0x000000001b290000)]
  0x000000001a6af800 JavaThread "C2 CompilerThread0" daemon [_thread_in_native, id=19776, stack(0x000000001b090000,0x000000001b190000)]
  0x000000001a6ae800 JavaThread "Attach Listener" daemon [_thread_blocked, id=41388, stack(0x000000001af90000,0x000000001b090000)]
  0x000000001a6a9800 JavaThread "Signal Dispatcher" daemon [_thread_blocked, id=26740, stack(0x000000001ae90000,0x000000001af90000)]
  0x0000000019fb7800 JavaThread "Finalizer" daemon [_thread_blocked, id=48796, stack(0x000000001a490000,0x000000001a590000)]
  0x0000000019fb0800 JavaThread "Reference Handler" daemon [_thread_blocked, id=38724, stack(0x000000001a390000,0x000000001a490000)]
  0x0000000003074000 JavaThread "main" [_thread_in_vm, id=7132, stack(0x0000000002ec0000,0x0000000002fc0000)]

Other Threads:
  0x00000000181ce800 VMThread [stack: 0x0000000019e90000,0x0000000019f90000] [id=48840]
  0x000000001a6cb000 WatcherThread [stack: 0x000000001b590000,0x000000001b690000] [id=47672]

VM state:not at safepoint (normal execution)

VM Mutex/Monitor currently owned by a thread: None

heap address: 0x0000000080000000, size: 2048 MB, Compressed Oops mode: 32-bit
Narrow klass base: 0x0000000000000000, Narrow klass shift: 3
Compressed class space size: 1073741824 Address: 0x0000000100000000

Heap:
 PSYoungGen      total 101376K, used 22982K [0x00000000d5580000, 0x00000000dc500000, 0x0000000100000000)
  eden space 89088K, 17% used [0x00000000d5580000,0x00000000d6515a50,0x00000000dac80000)
  from space 12288K, 57% used [0x00000000dac80000,0x00000000db35c010,0x00000000db880000)
  to   space 11776K, 0% used [0x00000000db880000,0x00000000db880000,0x00000000dc400000)
 ParOldGen       total 113152K, used 10056K [0x0000000080000000, 0x0000000086e80000, 0x00000000d5580000)
  object space 113152K, 8% used [0x0000000080000000,0x00000000809d2150,0x0000000086e80000)
 Metaspace       used 23937K, capacity 24304K, committed 24704K, reserved 1071104K
  class space    used 2721K, capacity 2859K, committed 2944K, reserved 1048576K

Card table byte_map: [0x0000000012520000,0x0000000012930000] byte_map_base: 0x0000000012120000

Marking Bits: (ParMarkBitMap*) 0x0000000064421f00
 Begin Bits: [0x00000000133e0000, 0x00000000153e0000)
 End Bits:   [0x00000000153e0000, 0x00000000173e0000)

Polling page: 0x0000000000d60000

CodeCache: size=245760Kb used=9663Kb max_used=9663Kb free=236096Kb
 bounds [0x0000000003160000, 0x0000000003ae0000, 0x0000000012160000]
 total_blobs=2855 nmethods=2217 adapters=549
 compilation: enabled

Compilation events (10 events):
Event: 3.088 Thread 0x000000001a6c2000 2228       3       sun.reflect.generics.parser.SignatureParser::make (8 bytes)
Event: 3.088 Thread 0x000000001a6c2000 nmethod 2228 0x0000000003ad2990 code [0x0000000003ad2b00, 0x0000000003ad2d30]
Event: 3.088 Thread 0x000000001a6c2000 2229       3       sun.reflect.generics.parser.SignatureParser::<init> (10 bytes)
Event: 3.088 Thread 0x000000001a6c2000 nmethod 2229 0x0000000003ad2e10 code [0x0000000003ad2f60, 0x0000000003ad3110]
Event: 3.088 Thread 0x000000001a6c2000 2224       3       java.nio.Bits::getShortB (16 bytes)
Event: 3.088 Thread 0x000000001a6c2000 nmethod 2224 0x0000000003ad31d0 code [0x0000000003ad3340, 0x0000000003ad3698]
Event: 3.088 Thread 0x000000001a6c2000 2225       3       java.nio.Bits::makeShort (12 bytes)
Event: 3.088 Thread 0x000000001a6c2000 nmethod 2225 0x0000000003ad3790 code [0x0000000003ad38e0, 0x0000000003ad3a30]
Event: 3.088 Thread 0x000000001a6c2000 2227       1       java.lang.reflect.Proxy$Key1::hashCode (5 bytes)
Event: 3.088 Thread 0x000000001a6c2000 nmethod 2227 0x0000000003ad3a90 code [0x0000000003ad3be0, 0x0000000003ad3cf0]

GC Heap History (10 events):
Event: 2.112 GC heap before
{Heap before GC invocations=4 (full 0):
 PSYoungGen      total 75264K, used 69948K [0x00000000d5580000, 0x00000000da980000, 0x0000000100000000)
  eden space 64512K, 95% used [0x00000000d5580000,0x00000000d9178c88,0x00000000d9480000)
  from space 10752K, 79% used [0x00000000d9480000,0x00000000d9cd6458,0x00000000d9f00000)
  to   space 10752K, 0% used [0x00000000d9f00000,0x00000000d9f00000,0x00000000da980000)
 ParOldGen       total 172032K, used 32K [0x0000000080000000, 0x000000008a800000, 0x00000000d5580000)
  object space 172032K, 0% used [0x0000000080000000,0x0000000080008000,0x000000008a800000)
 Metaspace       used 20777K, capacity 21014K, committed 21296K, reserved 1069056K
  class space    used 2310K, capacity 2425K, committed 2432K, reserved 1048576K
Event: 2.117 GC heap after
Heap after GC invocations=4 (full 0):
 PSYoungGen      total 75264K, used 10272K [0x00000000d5580000, 0x00000000da980000, 0x0000000100000000)
  eden space 64512K, 0% used [0x00000000d5580000,0x00000000d5580000,0x00000000d9480000)
  from space 10752K, 95% used [0x00000000d9f00000,0x00000000da908138,0x00000000da980000)
  to   space 10752K, 0% used [0x00000000d9480000,0x00000000d9480000,0x00000000d9f00000)
 ParOldGen       total 172032K, used 104K [0x0000000080000000, 0x000000008a800000, 0x00000000d5580000)
  object space 172032K, 0% used [0x0000000080000000,0x000000008001a010,0x000000008a800000)
 Metaspace       used 20777K, capacity 21014K, committed 21296K, reserved 1069056K
  class space    used 2310K, capacity 2425K, committed 2432K, reserved 1048576K
}
Event: 2.117 GC heap before
{Heap before GC invocations=5 (full 1):
 PSYoungGen      total 75264K, used 10272K [0x00000000d5580000, 0x00000000da980000, 0x0000000100000000)
  eden space 64512K, 0% used [0x00000000d5580000,0x00000000d5580000,0x00000000d9480000)
  from space 10752K, 95% used [0x00000000d9f00000,0x00000000da908138,0x00000000da980000)
  to   space 10752K, 0% used [0x00000000d9480000,0x00000000d9480000,0x00000000d9f00000)
 ParOldGen       total 172032K, used 104K [0x0000000080000000, 0x000000008a800000, 0x00000000d5580000)
  object space 172032K, 0% used [0x0000000080000000,0x000000008001a010,0x000000008a800000)
 Metaspace       used 20777K, capacity 21014K, committed 21296K, reserved 1069056K
  class space    used 2310K, capacity 2425K, committed 2432K, reserved 1048576K
Event: 2.142 GC heap after
Heap after GC invocations=5 (full 1):
 PSYoungGen      total 75264K, used 0K [0x00000000d5580000, 0x00000000da980000, 0x0000000100000000)
  eden space 64512K, 0% used [0x00000000d5580000,0x00000000d5580000,0x00000000d9480000)
  from space 10752K, 0% used [0x00000000d9f00000,0x00000000d9f00000,0x00000000da980000)
  to   space 10752K, 0% used [0x00000000d9480000,0x00000000d9480000,0x00000000d9f00000)
 ParOldGen       total 113152K, used 10040K [0x0000000080000000, 0x0000000086e80000, 0x00000000d5580000)
  object space 113152K, 8% used [0x0000000080000000,0x00000000809ce150,0x0000000086e80000)
 Metaspace       used 20777K, capacity 21014K, committed 21296K, reserved 1069056K
  class space    used 2310K, capacity 2425K, committed 2432K, reserved 1048576K
}
Event: 2.417 GC heap before
{Heap before GC invocations=6 (full 1):
 PSYoungGen      total 75264K, used 64512K [0x00000000d5580000, 0x00000000da980000, 0x0000000100000000)
  eden space 64512K, 100% used [0x00000000d5580000,0x00000000d9480000,0x00000000d9480000)
  from space 10752K, 0% used [0x00000000d9f00000,0x00000000d9f00000,0x00000000da980000)
  to   space 10752K, 0% used [0x00000000d9480000,0x00000000d9480000,0x00000000d9f00000)
 ParOldGen       total 113152K, used 10040K [0x0000000080000000, 0x0000000086e80000, 0x00000000d5580000)
  object space 113152K, 8% used [0x0000000080000000,0x00000000809ce150,0x0000000086e80000)
 Metaspace       used 21834K, capacity 22206K, committed 22448K, reserved 1069056K
  class space    used 2414K, capacity 2542K, committed 2560K, reserved 1048576K
Event: 2.419 GC heap after
Heap after GC invocations=6 (full 1):
 PSYoungGen      total 75264K, used 2373K [0x00000000d5580000, 0x00000000dc400000, 0x0000000100000000)
  eden space 64512K, 0% used [0x00000000d5580000,0x00000000d5580000,0x00000000d9480000)
  from space 10752K, 22% used [0x00000000d9480000,0x00000000d96d1570,0x00000000d9f00000)
  to   space 11776K, 0% used [0x00000000db880000,0x00000000db880000,0x00000000dc400000)
 ParOldGen       total 113152K, used 10048K [0x0000000080000000, 0x0000000086e80000, 0x00000000d5580000)
  object space 113152K, 8% used [0x0000000080000000,0x00000000809d0150,0x0000000086e80000)
 Metaspace       used 21834K, capacity 22206K, committed 22448K, reserved 1069056K
  class space    used 2414K, capacity 2542K, committed 2560K, reserved 1048576K
}
Event: 2.606 GC heap before
{Heap before GC invocations=7 (full 1):
 PSYoungGen      total 75264K, used 66885K [0x00000000d5580000, 0x00000000dc400000, 0x0000000100000000)
  eden space 64512K, 100% used [0x00000000d5580000,0x00000000d9480000,0x00000000d9480000)
  from space 10752K, 22% used [0x00000000d9480000,0x00000000d96d1570,0x00000000d9f00000)
  to   space 11776K, 0% used [0x00000000db880000,0x00000000db880000,0x00000000dc400000)
 ParOldGen       total 113152K, used 10048K [0x0000000080000000, 0x0000000086e80000, 0x00000000d5580000)
  object space 113152K, 8% used [0x0000000080000000,0x00000000809d0150,0x0000000086e80000)
 Metaspace       used 22075K, capacity 22398K, committed 22704K, reserved 1069056K
  class space    used 2420K, capacity 2542K, committed 2560K, reserved 1048576K
Event: 2.607 GC heap after
Heap after GC invocations=7 (full 1):
 PSYoungGen      total 100864K, used 2369K [0x00000000d5580000, 0x00000000dc500000, 0x0000000100000000)
  eden space 89088K, 0% used [0x00000000d5580000,0x00000000d5580000,0x00000000dac80000)
  from space 11776K, 20% used [0x00000000db880000,0x00000000dbad05d0,0x00000000dc400000)
  to   space 12288K, 0% used [0x00000000dac80000,0x00000000dac80000,0x00000000db880000)
 ParOldGen       total 113152K, used 10048K [0x0000000080000000, 0x0000000086e80000, 0x00000000d5580000)
  object space 113152K, 8% used [0x0000000080000000,0x00000000809d0150,0x0000000086e80000)
 Metaspace       used 22075K, capacity 22398K, committed 22704K, reserved 1069056K
  class space    used 2420K, capacity 2542K, committed 2560K, reserved 1048576K
}
Event: 2.996 GC heap before
{Heap before GC invocations=8 (full 1):
 PSYoungGen      total 100864K, used 91457K [0x00000000d5580000, 0x00000000dc500000, 0x0000000100000000)
  eden space 89088K, 100% used [0x00000000d5580000,0x00000000dac80000,0x00000000dac80000)
  from space 11776K, 20% used [0x00000000db880000,0x00000000dbad05d0,0x00000000dc400000)
  to   space 12288K, 0% used [0x00000000dac80000,0x00000000dac80000,0x00000000db880000)
 ParOldGen       total 113152K, used 10048K [0x0000000080000000, 0x0000000086e80000, 0x00000000d5580000)
  object space 113152K, 8% used [0x0000000080000000,0x00000000809d0150,0x0000000086e80000)
 Metaspace       used 23182K, capacity 23530K, committed 23808K, reserved 1071104K
  class space    used 2594K, capacity 2730K, committed 2816K, reserved 1048576K
Event: 3.002 GC heap after
Heap after GC invocations=8 (full 1):
 PSYoungGen      total 101376K, used 7024K [0x00000000d5580000, 0x00000000dc500000, 0x0000000100000000)
  eden space 89088K, 0% used [0x00000000d5580000,0x00000000d5580000,0x00000000dac80000)
  from space 12288K, 57% used [0x00000000dac80000,0x00000000db35c010,0x00000000db880000)
  to   space 11776K, 0% used [0x00000000db880000,0x00000000db880000,0x00000000dc400000)
 ParOldGen       total 113152K, used 10056K [0x0000000080000000, 0x0000000086e80000, 0x00000000d5580000)
  object space 113152K, 8% used [0x0000000080000000,0x00000000809d2150,0x0000000086e80000)
 Metaspace       used 23182K, capacity 23530K, committed 23808K, reserved 1071104K
  class space    used 2594K, capacity 2730K, committed 2816K, reserved 1048576K
}

Deoptimization events (10 events):
Event: 1.738 Thread 0x0000000003074000 Uncommon trap: reason=unstable_if action=reinterpret pc=0x000000000339dd9c method=java.io.DataInputStream.readUTF(Ljava/io/DataInput;)Ljava/lang/String; @ 31
Event: 1.751 Thread 0x0000000003074000 Uncommon trap: reason=unstable_if action=reinterpret pc=0x000000000343e61c method=sun.misc.URLClassPath$FileLoader.getResource(Ljava/lang/String;Z)Lsun/misc/Resource; @ 139
Event: 1.758 Thread 0x0000000003074000 Uncommon trap: reason=unstable_if action=reinterpret pc=0x0000000003517ae4 method=java.io.WinNTFileSystem.prefixLength(Ljava/lang/String;)I @ 42
Event: 2.033 Thread 0x0000000003074000 Uncommon trap: reason=unstable_if action=reinterpret pc=0x0000000003366250 method=java.io.WinNTFileSystem.normalize(Ljava/lang/String;II)Ljava/lang/String; @ 8
Event: 2.086 Thread 0x0000000003074000 Uncommon trap: reason=unstable_if action=reinterpret pc=0x000000000350d714 method=java.util.HashMap.getNode(ILjava/lang/Object;)Ljava/util/HashMap$Node; @ 129
Event: 2.086 Thread 0x0000000003074000 Uncommon trap: reason=bimorphic action=maybe_recompile pc=0x000000000368ef38 method=java.util.HashMap.putVal(ILjava/lang/Object;Ljava/lang/Object;ZZ)Ljava/lang/Object; @ 203
Event: 2.298 Thread 0x0000000003074000 Uncommon trap: reason=unstable_if action=reinterpret pc=0x0000000003787700 method=java.lang.Class$MethodArray.addIfNotPresent(Ljava/lang/reflect/Method;)V @ 19
Event: 2.360 Thread 0x0000000003074000 Uncommon trap: reason=unstable_if action=reinterpret pc=0x0000000003352c84 method=java.io.WinNTFileSystem.isLetter(C)Z @ 3
Event: 2.701 Thread 0x0000000003074000 Uncommon trap: reason=unstable_if action=reinterpret pc=0x0000000003940ac4 method=groovy.lang.MetaClassImpl.checkIfStdMethod(Lgroovy/lang/MetaMethod;)V @ 9
Event: 3.085 Thread 0x0000000003074000 Uncommon trap: reason=unstable_if action=reinterpret pc=0x00000000037e119c method=java.util.zip.ZipFile$ZipEntryIterator.hasNext()Z @ 25

Classes redefined (0 events):
No events

Internal exceptions (10 events):
Event: 2.854 Thread 0x0000000003074000 Exception <a 'java/lang/ClassNotFoundException': java/util/HashMapBeanInfo> (0x00000000d94f41e8) thrown at [C:\jenkins\workspace\zulu8-silver-build-win64\zulu-src\hotspot\src\share\vm\classfile\systemDictionary.cpp, line 220]
Event: 2.856 Thread 0x0000000003074000 Exception <a 'java/lang/ClassNotFoundException': java/util/AbstractMapBeanInfo> (0x00000000d955d650) thrown at [C:\jenkins\workspace\zulu8-silver-build-win64\zulu-src\hotspot\src\share\vm\classfile\systemDictionary.cpp, line 220]
Event: 2.858 Thread 0x0000000003074000 Exception <a 'java/lang/ClassNotFoundException': java/util/AbstractMapCustomizer> (0x00000000d95cab10) thrown at [C:\jenkins\workspace\zulu8-silver-build-win64\zulu-src\hotspot\src\share\vm\classfile\systemDictionary.cpp, line 220]
Event: 2.860 Thread 0x0000000003074000 Exception <a 'java/lang/ClassNotFoundException': java/util/HashMapCustomizer> (0x00000000d963e640) thrown at [C:\jenkins\workspace\zulu8-silver-build-win64\zulu-src\hotspot\src\share\vm\classfile\systemDictionary.cpp, line 220]
Event: 2.879 Thread 0x0000000003074000 Exception <a 'java/lang/ClassNotFoundException': com/kms/katalon/core/webui/keyword/WebUiBuiltInKeywordsBeanInfo> (0x00000000d989a080) thrown at [C:\jenkins\workspace\zulu8-silver-build-win64\zulu-src\hotspot\src\share\vm\classfile\systemDictionary.cpp, l
Event: 2.881 Thread 0x0000000003074000 Exception <a 'java/lang/ClassNotFoundException': com/kms/katalon/core/keyword/BuiltinKeywordsBeanInfo> (0x00000000d9950ee8) thrown at [C:\jenkins\workspace\zulu8-silver-build-win64\zulu-src\hotspot\src\share\vm\classfile\systemDictionary.cpp, line 220]
Event: 2.883 Thread 0x0000000003074000 Exception <a 'java/lang/ClassNotFoundException': com/kms/katalon/core/keyword/BuiltinKeywordsCustomizer> (0x00000000d9a0afc0) thrown at [C:\jenkins\workspace\zulu8-silver-build-win64\zulu-src\hotspot\src\share\vm\classfile\systemDictionary.cpp, line 220]
Event: 2.887 Thread 0x0000000003074000 Exception <a 'java/lang/ClassNotFoundException': com/kms/katalon/core/webui/keyword/WebUiBuiltInKeywordsCustomizer> (0x00000000d9af3978) thrown at [C:\jenkins\workspace\zulu8-silver-build-win64\zulu-src\hotspot\src\share\vm\classfile\systemDictionary.cpp,
Event: 2.898 Thread 0x0000000003074000 Exception <a 'java/lang/ClassNotFoundException': com/kms/katalon/core/constants/CoreConstantsBeanInfo> (0x00000000d9d5cb00) thrown at [C:\jenkins\workspace\zulu8-silver-build-win64\zulu-src\hotspot\src\share\vm\classfile\systemDictionary.cpp, line 220]
Event: 2.902 Thread 0x0000000003074000 Exception <a 'java/lang/ClassNotFoundException': com/kms/katalon/core/constants/CoreConstantsCustomizer> (0x00000000d9e16df8) thrown at [C:\jenkins\workspace\zulu8-silver-build-win64\zulu-src\hotspot\src\share\vm\classfile\systemDictionary.cpp, line 220]

Events (10 events):
Event: 2.899 loading class com/kms/katalon/core/constants/CoreConstantsCustomizer done
Event: 2.902 loading class com/kms/katalon/core/constants/CoreConstantsCustomizer
Event: 2.902 loading class com/kms/katalon/core/constants/CoreConstantsCustomizer done
Event: 2.996 Executing VM operation: ParallelGCFailedAllocation
Event: 3.002 Executing VM operation: ParallelGCFailedAllocation done
Event: 3.085 Thread 0x0000000003074000 Uncommon trap: trap_request=0xffffff65 fr.pc=0x00000000037e119c
Event: 3.085 Thread 0x0000000003074000 DEOPT PACKING pc=0x00000000037e119c sp=0x0000000002fbc9b0
Event: 3.085 Thread 0x0000000003074000 DEOPT UNPACKING pc=0x00000000031a567b sp=0x0000000002fbc910 mode 2
Event: 3.088 loading class groovy/runtime/metaclass/com/kms/katalon/core/webui/keyword/builtin/OpenBrowserKeywordMetaClass
Event: 3.088 loading class groovy/runtime/metaclass/com/kms/katalon/core/webui/keyword/builtin/OpenBrowserKeywordMetaClass done


Dynamic libraries:
0x00007ff71b4a0000 - 0x00007ff71b4d5000 	E:\Katalon_Studio_Windows_64-8.5.2\Katalon_Studio_Windows_64-8.5.2\jre\bin\javaw.exe
0x00007ffaf43b0000 - 0x00007ffaf45a8000 	C:\Windows\SYSTEM32\ntdll.dll
0x00007ffaf3ab0000 - 0x00007ffaf3b6f000 	C:\Windows\System32\KERNEL32.DLL
0x00007ffaf1da0000 - 0x00007ffaf2096000 	C:\Windows\System32\KERNELBASE.dll
0x00007ffae84d0000 - 0x00007ffae859f000 	C:\Program Files\Bitdefender\Endpoint Security\bdhkm\dlls_266263002039366268\bdhkm64.dll
0x00007ffae8210000 - 0x00007ffae8369000 	C:\Program Files\Bitdefender\Endpoint Security\atcuf\dlls_266708692577472674\atcuf64.dll
0x00007ffaf3de0000 - 0x00007ffaf3e8f000 	C:\Windows\System32\ADVAPI32.dll
0x00007ffaf2a60000 - 0x00007ffaf2afe000 	C:\Windows\System32\msvcrt.dll
0x00007ffaf3d10000 - 0x00007ffaf3dac000 	C:\Windows\System32\sechost.dll
0x00007ffaf3b70000 - 0x00007ffaf3c96000 	C:\Windows\System32\RPCRT4.dll
0x00007ffaf3fb0000 - 0x00007ffaf414d000 	C:\Windows\System32\USER32.dll
0x00007ffaf22c0000 - 0x00007ffaf22e2000 	C:\Windows\System32\win32u.dll
0x00007ffaf3db0000 - 0x00007ffaf3ddc000 	C:\Windows\System32\GDI32.dll
0x00007ffaf22f0000 - 0x00007ffaf2405000 	C:\Windows\System32\gdi32full.dll
0x00007ffaf21f0000 - 0x00007ffaf228d000 	C:\Windows\System32\msvcp_win.dll
0x00007ffaf20a0000 - 0x00007ffaf21a0000 	C:\Windows\System32\ucrtbase.dll
0x00007ffadbe70000 - 0x00007ffadc10a000 	C:\Windows\WinSxS\amd64_microsoft.windows.common-controls_6595b64144ccf1df_6.0.19041.1110_none_60b5254171f9507e\COMCTL32.dll
0x00007ffaf2b00000 - 0x00007ffaf2b30000 	C:\Windows\System32\IMM32.DLL
0x0000000063a20000 - 0x0000000063af2000 	E:\Katalon_Studio_Windows_64-8.5.2\Katalon_Studio_Windows_64-8.5.2\jre\bin\msvcr100.dll
0x0000000063be0000 - 0x00000000644a5000 	E:\Katalon_Studio_Windows_64-8.5.2\Katalon_Studio_Windows_64-8.5.2\jre\bin\server\jvm.dll
0x00007ffaf3ca0000 - 0x00007ffaf3ca8000 	C:\Windows\System32\PSAPI.DLL
0x00007ffadecd0000 - 0x00007ffadecd9000 	C:\Windows\SYSTEM32\WSOCK32.dll
0x00007ffaf4150000 - 0x00007ffaf41bb000 	C:\Windows\System32\WS2_32.dll
0x00007ffae2c40000 - 0x00007ffae2c67000 	C:\Windows\SYSTEM32\WINMM.dll
0x00007ffae87e0000 - 0x00007ffae87ea000 	C:\Windows\SYSTEM32\VERSION.dll
0x00007ffae8600000 - 0x00007ffae860f000 	E:\Katalon_Studio_Windows_64-8.5.2\Katalon_Studio_Windows_64-8.5.2\jre\bin\verify.dll
0x00007ffaccdf0000 - 0x00007ffacce19000 	E:\Katalon_Studio_Windows_64-8.5.2\Katalon_Studio_Windows_64-8.5.2\jre\bin\java.dll
0x00007ffae7dd0000 - 0x00007ffae7de6000 	E:\Katalon_Studio_Windows_64-8.5.2\Katalon_Studio_Windows_64-8.5.2\jre\bin\zip.dll
0x00007ffaf2e10000 - 0x00007ffaf3554000 	C:\Windows\System32\SHELL32.dll
0x00007ffaefad0000 - 0x00007ffaf0263000 	C:\Windows\SYSTEM32\windows.storage.dll
0x00007ffaf2550000 - 0x00007ffaf28a4000 	C:\Windows\System32\combase.dll
0x00007ffaf1320000 - 0x00007ffaf134e000 	C:\Windows\SYSTEM32\Wldp.dll
0x00007ffaf2b30000 - 0x00007ffaf2bdd000 	C:\Windows\System32\SHCORE.dll
0x00007ffaf3cb0000 - 0x00007ffaf3d05000 	C:\Windows\System32\shlwapi.dll
0x00007ffaf19c0000 - 0x00007ffaf19e5000 	C:\Windows\SYSTEM32\profapi.dll
0x00007ffae6fe0000 - 0x00007ffae6ffb000 	E:\Katalon_Studio_Windows_64-8.5.2\Katalon_Studio_Windows_64-8.5.2\jre\bin\net.dll
0x00007ffaf1100000 - 0x00007ffaf116a000 	C:\Windows\system32\mswsock.dll
0x00007ffac9de0000 - 0x00007ffac9df1000 	E:\Katalon_Studio_Windows_64-8.5.2\Katalon_Studio_Windows_64-8.5.2\jre\bin\nio.dll

VM Arguments:
jvm_args: -Dgroovy.home=C:\Users\tina/.groovy -Djava.system.class.loader=groovy.lang.GroovyClassLoader -Xmx2048m -Dfile.encoding=UTF-8 
java_command: org.codehaus.groovy.tools.GroovyStarter --classpath C:\Users\tina\Katalon Studio\MPluse\bin\keyword;C:\Users\tina\Katalon Studio\MPluse\Keywords;C:\Users\tina\Katalon Studio\MPluse\bin\listener;C:\Users\tina\Katalon Studio\MPluse\Test Listeners;C:\Users\tina\Katalon Studio\MPluse\bin\lib;C:\Users\tina\Katalon Studio\MPluse\Libs;C:\Users\tina\Katalon Studio\MPluse\bin\groovy;C:\Users\tina\Katalon Studio\MPluse\Include\scripts\groovy;E:\Katalon_Studio_Windows_64-8.5.2\Katalon_Studio_Windows_64-8.5.2\plugins\com.kms.katalon.core_1.0.0.202210191203.jar;E:\Katalon_Studio_Windows_64-8.5.2\Katalon_Studio_Windows_64-8.5.2\configuration\resources\lib\aalto-xml-1.0.0.jar;E:\Katalon_Studio_Windows_64-8.5.2\Katalon_Studio_Windows_64-8.5.2\configuration\resources\lib\aspectjweaver-1.9.1.jar;E:\Katalon_Studio_Windows_64-8.5.2\Katalon_Studio_Windows_64-8.5.2\configuration\resources\lib\bcpkix-jdk15on-1.64.jar;E:\Katalon_Studio_Windows_64-8.5.2\Katalon_Studio_Windows_64-8.5.2\configuration\resources\lib\bcprov-jdk15on-1.64.jar;E:\Katalon_Studio_Windows_64-8.5.2\Katalon_Studio_Windows_64-8.5.2\configuration\resources\lib\browsermob-core-2.1.5.jar;E:\Katalon_Studio_Windows_64-8.5.2\Katalon_Studio_Windows_64-8.5.2\configuration\resources\lib\cglib-3.2.10.jar;E:\Katalon_Studio_Windows_64-8.5.2\Katalon_Studio_Windows_64-8.5.2\configuration\resources\lib\commons-codec-1.10.jar;E:\Katalon_Studio_Windows_64-8.5.2\Katalon_Studio_Windows_64-8.5.2\configuration\resources\lib\commons-collections4-4.1.jar;E:\Katalon_Studio_Windows_64-8.5.2\Katalon_Studio_Windows_64-8.5.2\configuration\resources\lib\commons-validator-1.6.jar;E:\Katalon_Studio_Windows_64-8.5.2\Katalon_Studio_Windows_64-8.5.2\configuration\resources\lib\curvesapi-1.04.jar;E:\Katalon_Studio_Windows_64-8.5.2\Katalon_Studio_Windows_64-8.5.2\configuration\resources\lib\dnsjava-2.1.8.jar;E:\Katalon_Studio_Windows_64-8.5.2\Katalon_Studio_Windows_64-8.5.2\configuration\resources\lib\java-client-7.0.0.jar;E:\Katalon_Studio
java_class_path (initial): C:\Users\tina\Katalon Studio\MPluse\bin\keyword;C:\Users\tina\Katalon Studio\MPluse\bin\listener;C:\Users\tina\Katalon Studio\MPluse\bin\lib;C:\Users\tina\Katalon Studio\MPluse\bin\groovy;C:\Users\tina\Katalon Studio\MPluse\bin;E:\Katalon_Studio_Windows_64-8.5.2\Katalon_Studio_Windows_64-8.5.2\plugins\com.kms.katalon.core_1.0.0.202210191203.jar;E:\Katalon_Studio_Windows_64-8.5.2\Katalon_Studio_Windows_64-8.5.2\configuration\resources\lib\aalto-xml-1.0.0.jar;E:\Katalon_Studio_Windows_64-8.5.2\Katalon_Studio_Windows_64-8.5.2\configuration\resources\lib\aspectjweaver-1.9.1.jar;E:\Katalon_Studio_Windows_64-8.5.2\Katalon_Studio_Windows_64-8.5.2\configuration\resources\lib\bcpkix-jdk15on-1.64.jar;E:\Katalon_Studio_Windows_64-8.5.2\Katalon_Studio_Windows_64-8.5.2\configuration\resources\lib\bcprov-jdk15on-1.64.jar;E:\Katalon_Studio_Windows_64-8.5.2\Katalon_Studio_Windows_64-8.5.2\configuration\resources\lib\browsermob-core-2.1.5.jar;E:\Katalon_Studio_Windows_64-8.5.2\Katalon_Studio_Windows_64-8.5.2\configuration\resources\lib\cglib-3.2.10.jar;E:\Katalon_Studio_Windows_64-8.5.2\Katalon_Studio_Windows_64-8.5.2\configuration\resources\lib\commons-codec-1.10.jar;E:\Katalon_Studio_Windows_64-8.5.2\Katalon_Studio_Windows_64-8.5.2\configuration\resources\lib\commons-collections4-4.1.jar;E:\Katalon_Studio_Windows_64-8.5.2\Katalon_Studio_Windows_64-8.5.2\configuration\resources\lib\commons-validator-1.6.jar;E:\Katalon_Studio_Windows_64-8.5.2\Katalon_Studio_Windows_64-8.5.2\configuration\resources\lib\curvesapi-1.04.jar;E:\Katalon_Studio_Windows_64-8.5.2\Katalon_Studio_Windows_64-8.5.2\configuration\resources\lib\dnsjava-2.1.8.jar;E:\Katalon_Studio_Windows_64-8.5.2\Katalon_Studio_Windows_64-8.5.2\configuration\resources\lib\java-client-7.0.0.jar;E:\Katalon_Studio_Windows_64-8.5.2\Katalon_Studio_Windows_64-8.5.2\configuration\resources\lib\jna-4.1.0.jar;E:\Katalon_Studio_Windows_64-8.5.2\Katalon_Studio_Windows_64-8.5.2\configuration\resources\lib\jna-plat
Launcher Type: SUN_STANDARD

Environment Variables:
JAVA_HOME=C:\Program Files\Java\jdk-11.0.15
PATH=E:/Katalon_Studio_Windows_64-8.5.2/Katalon_Studio_Windows_64-8.5.2/jre/bin/server;E:/Katalon_Studio_Windows_64-8.5.2/Katalon_Studio_Windows_64-8.5.2/jre/bin;E:/Katalon_Studio_Windows_64-8.5.2/Katalon_Studio_Windows_64-8.5.2/jre/lib/amd64;C:\Program Files (x86)\Common Files\Oracle\Java\javapath;C:\ProgramData\Oracle\Java\javapath;C:\oraclexe\app\oracle\product\11.2.0\server\bin;C:\Windows\system32;C:\Windows;C:\Windows\System32\Wbem;C:\Windows\System32\WindowsPowerShell\v1.0\;C:\Windows\System32\OpenSSH\;C:\Program Files\Java\jdk-11.0.15;C:\Program Files\Git\cmd;C:\Users\vignesh\Downloads\apache-maven-3.8.5-bin\apache-maven-3.8.5\bin;;C:\Program Files\Docker\Docker\resources\bin;C:\ProgramData\DockerDesktop\version-bin;C:\Program Files\dotnet\;C:\Program Files\TortoiseGit\bin;C:\Program Files\nodejs\;C:\Users\tina\AppData\Local\Microsoft\WindowsApps;;E:\Katalon_Studio_Windows_64-8.5.2\Katalon_Studio_Windows_64-8.5.2;
USERNAME=tina
OS=Windows_NT
PROCESSOR_IDENTIFIER=Intel64 Family 6 Model 140 Stepping 1, GenuineIntel



---------------  S Y S T E M  ---------------

OS: Windows 10.0 , 64 bit Build 19041 (10.0.19041.3155)
HyperV virtualization detected

CPU:total 8 (initial active 8) (4 cores per cpu, 2 threads per core) family 6 model 140 stepping 1, cmov, cx8, fxsr, mmx, sse, sse2, sse3, ssse3, sse4.1, sse4.2, popcnt, avx, avx2, aes, clmul, erms, 3dnowpref, lzcnt, ht, tsc, tscinvbit, bmi1, bmi2, adx

Memory: 4k page, physical 16505632k(2948988k free), swap 47927708k(6156k free)

vm_info: OpenJDK 64-Bit Server VM (25.282-b08) for windows-amd64 JRE (Zulu 8.52.0.23-CA-win64) (1.8.0_282-b08), built on Jan 12 2021 07:45:49 by "tester" with MS VC++ 10.0 (VS2010)

time: Fri Sep 15 16:20:18 2023
timezone: India Standard Time
elapsed time: 3.096121 seconds (0d 0h 0m 3s)

