#
# There is insufficient memory for the Java Runtime Environment to continue.
# Native memory allocation (malloc) failed to allocate 1076496 bytes for Chunk::new
# Possible reasons:
#   The system is out of physical RAM or swap space
#   The process is running with CompressedOops enabled, and the Java Heap may be blocking the growth of the native heap
# Possible solutions:
#   Reduce memory load on the system
#   Increase physical memory or swap space
#   Check if swap backing store is full
#   Decrease Java heap size (-Xmx/-Xms)
#   Decrease number of Java threads
#   Decrease Java thread stack sizes (-Xss)
#   Set larger code cache with -XX:ReservedCodeCacheSize=
#   JVM is running with Unscaled Compressed Oops mode in which the Java heap is
#     placed in the first 4GB address space. The Java Heap base address is the
#     maximum limit for the native heap growth. Please use -XX:HeapBaseMinAddress
#     to set the Java Heap base and to place the Java Heap above 4GB virtual address.
# This output file may be truncated or incomplete.
#
#  Out of Memory Error (allocation.cpp:389), pid=7748, tid=0x0000000000004394
#
# JRE version: OpenJDK Runtime Environment (Zulu 8.52.0.23-CA-win64) (8.0_282-b08) (build 1.8.0_282-b08)
# Java VM: OpenJDK 64-Bit Server VM (25.282-b08 mixed mode windows-amd64 compressed oops)
# Failed to write core dump. Minidumps are not enabled by default on client versions of Windows
#

---------------  T H R E A D  ---------------

Current thread (0x000000001ac44000):  JavaThread "C2 CompilerThread2" daemon [_thread_in_native, id=17300, stack(0x000000001b810000,0x000000001b910000)]

Stack: [0x000000001b810000,0x000000001b910000]
[error occurred during error reporting (printing stack bounds), id 0xc0000005]

Native frames: (J=compiled Java code, j=interpreted, Vv=VM code, C=native code)


Current CompileTask:
C2:   2931 2151       4       java.net.URLClassLoader$1::run (5 bytes)


---------------  P R O C E S S  ---------------

Java Threads: ( => current thread )
  0x000000001ac7e000 JavaThread "Service Thread" daemon [_thread_blocked, id=35200, stack(0x000000001ba10000,0x000000001bb10000)]
  0x000000001ac45000 JavaThread "C1 CompilerThread3" daemon [_thread_blocked, id=37908, stack(0x000000001b910000,0x000000001ba10000)]
=>0x000000001ac44000 JavaThread "C2 CompilerThread2" daemon [_thread_in_native, id=17300, stack(0x000000001b810000,0x000000001b910000)]
  0x000000001ac3b000 JavaThread "C2 CompilerThread1" daemon [_thread_in_native, id=37520, stack(0x000000001b710000,0x000000001b810000)]
  0x000000001ac38800 JavaThread "C2 CompilerThread0" daemon [_thread_in_native, id=38648, stack(0x000000001b610000,0x000000001b710000)]
  0x000000001ac2f800 JavaThread "Attach Listener" daemon [_thread_blocked, id=41692, stack(0x000000001b510000,0x000000001b610000)]
  0x000000001ac2e800 JavaThread "Signal Dispatcher" daemon [_thread_blocked, id=18412, stack(0x000000001b410000,0x000000001b510000)]
  0x000000001a537000 JavaThread "Finalizer" daemon [_thread_blocked, id=6060, stack(0x000000001aa10000,0x000000001ab10000)]
  0x000000001a530800 JavaThread "Reference Handler" daemon [_thread_blocked, id=38064, stack(0x000000001a910000,0x000000001aa10000)]
  0x00000000035c4000 JavaThread "main" [_thread_in_Java, id=41096, stack(0x00000000034b0000,0x00000000035b0000)]

Other Threads:
  0x0000000018720800 VMThread [stack: 0x000000001a410000,0x000000001a510000] [id=49016]
  0x000000001a908800 WatcherThread [stack: 0x000000001bb10000,0x000000001bc10000] [id=42324]

VM state:not at safepoint (normal execution)

VM Mutex/Monitor currently owned by a thread: None

heap address: 0x0000000080000000, size: 2048 MB, Compressed Oops mode: 32-bit
Narrow klass base: 0x0000000000000000, Narrow klass shift: 3
Compressed class space size: 1073741824 Address: 0x0000000100000000

Heap:
 PSYoungGen      total 99328K, used 16482K [0x00000000d5580000, 0x00000000de500000, 0x0000000100000000)
  eden space 87040K, 9% used [0x00000000d5580000,0x00000000d5df0af0,0x00000000daa80000)
  from space 12288K, 63% used [0x00000000daa80000,0x00000000db228000,0x00000000db680000)
  to   space 12288K, 0% used [0x00000000dd900000,0x00000000dd900000,0x00000000de500000)
 ParOldGen       total 115200K, used 10240K [0x0000000080000000, 0x0000000087080000, 0x00000000d5580000)
  object space 115200K, 8% used [0x0000000080000000,0x0000000080a00290,0x0000000087080000)
 Metaspace       used 24304K, capacity 24630K, committed 24960K, reserved 1071104K
  class space    used 2755K, capacity 2880K, committed 2944K, reserved 1048576K

Card table byte_map: [0x0000000012a70000,0x0000000012e80000] byte_map_base: 0x0000000012670000

Marking Bits: (ParMarkBitMap*) 0x0000000064421f00
 Begin Bits: [0x0000000013930000, 0x0000000015930000)
 End Bits:   [0x0000000015930000, 0x0000000017930000)

Polling page: 0x0000000001070000

CodeCache: size=245760Kb used=9592Kb max_used=9592Kb free=236167Kb
 bounds [0x00000000036b0000, 0x0000000004020000, 0x00000000126b0000]
 total_blobs=2840 nmethods=2198 adapters=552
 compilation: enabled

Compilation events (10 events):
Event: 2.905 Thread 0x000000001ac45000 2206       3       sun.reflect.UnsafeStaticObjectFieldAccessorImpl::<init> (6 bytes)
Event: 2.905 Thread 0x000000001ac45000 nmethod 2206 0x000000000400da50 code [0x000000000400dbc0, 0x000000000400de98]
Event: 2.905 Thread 0x000000001ac45000 2207       3       sun.reflect.UnsafeStaticObjectFieldAccessorImpl::set (54 bytes)
Event: 2.905 Thread 0x000000001ac45000 nmethod 2207 0x000000000400df90 code [0x000000000400e1c0, 0x000000000400f1a8]
Event: 2.905 Thread 0x000000001ac45000 2208  s!   3       org.eclipse.osgi.util.NLS$MessagesProperties::put (168 bytes)
Event: 2.906 Thread 0x000000001ac45000 nmethod 2208 0x000000000400f790 code [0x000000000400fb20, 0x0000000004011d78]
Event: 2.906 Thread 0x000000001ac45000 2201       3       sun.reflect.FieldAccessorImpl::<init> (5 bytes)
Event: 2.906 Thread 0x000000001ac45000 nmethod 2201 0x0000000004012dd0 code [0x0000000004012f40, 0x0000000004013150]
Event: 2.906 Thread 0x000000001ac45000 2202       3       sun.reflect.UnsafeStaticFieldAccessorImpl::<init> (17 bytes)
Event: 2.906 Thread 0x000000001ac45000 nmethod 2202 0x0000000004013210 code [0x0000000004013380, 0x00000000040135f8]

GC Heap History (10 events):
Event: 1.988 GC heap before
{Heap before GC invocations=4 (full 0):
 PSYoungGen      total 75264K, used 71139K [0x00000000d5580000, 0x00000000da980000, 0x0000000100000000)
  eden space 64512K, 97% used [0x00000000d5580000,0x00000000d92a59c8,0x00000000d9480000)
  from space 10752K, 79% used [0x00000000d9480000,0x00000000d9cd3468,0x00000000d9f00000)
  to   space 10752K, 0% used [0x00000000d9f00000,0x00000000d9f00000,0x00000000da980000)
 ParOldGen       total 172032K, used 24K [0x0000000080000000, 0x000000008a800000, 0x00000000d5580000)
  object space 172032K, 0% used [0x0000000080000000,0x0000000080006000,0x000000008a800000)
 Metaspace       used 20851K, capacity 21074K, committed 21296K, reserved 1069056K
  class space    used 2315K, capacity 2423K, committed 2432K, reserved 1048576K
Event: 1.993 GC heap after
Heap after GC invocations=4 (full 0):
 PSYoungGen      total 75264K, used 10404K [0x00000000d5580000, 0x00000000da980000, 0x0000000100000000)
  eden space 64512K, 0% used [0x00000000d5580000,0x00000000d5580000,0x00000000d9480000)
  from space 10752K, 96% used [0x00000000d9f00000,0x00000000da929310,0x00000000da980000)
  to   space 10752K, 0% used [0x00000000d9480000,0x00000000d9480000,0x00000000d9f00000)
 ParOldGen       total 172032K, used 96K [0x0000000080000000, 0x000000008a800000, 0x00000000d5580000)
  object space 172032K, 0% used [0x0000000080000000,0x0000000080018010,0x000000008a800000)
 Metaspace       used 20851K, capacity 21074K, committed 21296K, reserved 1069056K
  class space    used 2315K, capacity 2423K, committed 2432K, reserved 1048576K
}
Event: 1.993 GC heap before
{Heap before GC invocations=5 (full 1):
 PSYoungGen      total 75264K, used 10404K [0x00000000d5580000, 0x00000000da980000, 0x0000000100000000)
  eden space 64512K, 0% used [0x00000000d5580000,0x00000000d5580000,0x00000000d9480000)
  from space 10752K, 96% used [0x00000000d9f00000,0x00000000da929310,0x00000000da980000)
  to   space 10752K, 0% used [0x00000000d9480000,0x00000000d9480000,0x00000000d9f00000)
 ParOldGen       total 172032K, used 96K [0x0000000080000000, 0x000000008a800000, 0x00000000d5580000)
  object space 172032K, 0% used [0x0000000080000000,0x0000000080018010,0x000000008a800000)
 Metaspace       used 20851K, capacity 21074K, committed 21296K, reserved 1069056K
  class space    used 2315K, capacity 2423K, committed 2432K, reserved 1048576K
Event: 2.021 GC heap after
Heap after GC invocations=5 (full 1):
 PSYoungGen      total 75264K, used 0K [0x00000000d5580000, 0x00000000da980000, 0x0000000100000000)
  eden space 64512K, 0% used [0x00000000d5580000,0x00000000d5580000,0x00000000d9480000)
  from space 10752K, 0% used [0x00000000d9f00000,0x00000000d9f00000,0x00000000da980000)
  to   space 10752K, 0% used [0x00000000d9480000,0x00000000d9480000,0x00000000d9f00000)
 ParOldGen       total 115200K, used 10224K [0x0000000080000000, 0x0000000087080000, 0x00000000d5580000)
  object space 115200K, 8% used [0x0000000080000000,0x00000000809fc290,0x0000000087080000)
 Metaspace       used 20851K, capacity 21074K, committed 21296K, reserved 1069056K
  class space    used 2315K, capacity 2423K, committed 2432K, reserved 1048576K
}
Event: 2.317 GC heap before
{Heap before GC invocations=6 (full 1):
 PSYoungGen      total 75264K, used 64512K [0x00000000d5580000, 0x00000000da980000, 0x0000000100000000)
  eden space 64512K, 100% used [0x00000000d5580000,0x00000000d9480000,0x00000000d9480000)
  from space 10752K, 0% used [0x00000000d9f00000,0x00000000d9f00000,0x00000000da980000)
  to   space 10752K, 0% used [0x00000000d9480000,0x00000000d9480000,0x00000000d9f00000)
 ParOldGen       total 115200K, used 10224K [0x0000000080000000, 0x0000000087080000, 0x00000000d5580000)
  object space 115200K, 8% used [0x0000000080000000,0x00000000809fc290,0x0000000087080000)
 Metaspace       used 21964K, capacity 22270K, committed 22448K, reserved 1069056K
  class space    used 2428K, capacity 2542K, committed 2560K, reserved 1048576K
Event: 2.318 GC heap after
Heap after GC invocations=6 (full 1):
 PSYoungGen      total 75264K, used 2452K [0x00000000d5580000, 0x00000000dc280000, 0x0000000100000000)
  eden space 64512K, 0% used [0x00000000d5580000,0x00000000d5580000,0x00000000d9480000)
  from space 10752K, 22% used [0x00000000d9480000,0x00000000d96e5120,0x00000000d9f00000)
  to   space 12288K, 0% used [0x00000000db680000,0x00000000db680000,0x00000000dc280000)
 ParOldGen       total 115200K, used 10232K [0x0000000080000000, 0x0000000087080000, 0x00000000d5580000)
  object space 115200K, 8% used [0x0000000080000000,0x00000000809fe290,0x0000000087080000)
 Metaspace       used 21964K, capacity 22270K, committed 22448K, reserved 1069056K
  class space    used 2428K, capacity 2542K, committed 2560K, reserved 1048576K
}
Event: 2.498 GC heap before
{Heap before GC invocations=7 (full 1):
 PSYoungGen      total 75264K, used 66964K [0x00000000d5580000, 0x00000000dc280000, 0x0000000100000000)
  eden space 64512K, 100% used [0x00000000d5580000,0x00000000d9480000,0x00000000d9480000)
  from space 10752K, 22% used [0x00000000d9480000,0x00000000d96e5120,0x00000000d9f00000)
  to   space 12288K, 0% used [0x00000000db680000,0x00000000db680000,0x00000000dc280000)
 ParOldGen       total 115200K, used 10232K [0x0000000080000000, 0x0000000087080000, 0x00000000d5580000)
  object space 115200K, 8% used [0x0000000080000000,0x00000000809fe290,0x0000000087080000)
 Metaspace       used 22213K, capacity 22526K, committed 22704K, reserved 1069056K
  class space    used 2434K, capacity 2542K, committed 2560K, reserved 1048576K
Event: 2.499 GC heap after
Heap after GC invocations=7 (full 1):
 PSYoungGen      total 99328K, used 2417K [0x00000000d5580000, 0x00000000dc300000, 0x0000000100000000)
  eden space 87040K, 0% used [0x00000000d5580000,0x00000000d5580000,0x00000000daa80000)
  from space 12288K, 19% used [0x00000000db680000,0x00000000db8dc5e0,0x00000000dc280000)
  to   space 12288K, 0% used [0x00000000daa80000,0x00000000daa80000,0x00000000db680000)
 ParOldGen       total 115200K, used 10232K [0x0000000080000000, 0x0000000087080000, 0x00000000d5580000)
  object space 115200K, 8% used [0x0000000080000000,0x00000000809fe290,0x0000000087080000)
 Metaspace       used 22213K, capacity 22526K, committed 22704K, reserved 1069056K
  class space    used 2434K, capacity 2542K, committed 2560K, reserved 1048576K
}
Event: 2.871 GC heap before
{Heap before GC invocations=8 (full 1):
 PSYoungGen      total 99328K, used 89457K [0x00000000d5580000, 0x00000000dc300000, 0x0000000100000000)
  eden space 87040K, 100% used [0x00000000d5580000,0x00000000daa80000,0x00000000daa80000)
  from space 12288K, 19% used [0x00000000db680000,0x00000000db8dc5e0,0x00000000dc280000)
  to   space 12288K, 0% used [0x00000000daa80000,0x00000000daa80000,0x00000000db680000)
 ParOldGen       total 115200K, used 10232K [0x0000000080000000, 0x0000000087080000, 0x00000000d5580000)
  object space 115200K, 8% used [0x0000000080000000,0x00000000809fe290,0x0000000087080000)
 Metaspace       used 24027K, capacity 24334K, committed 24704K, reserved 1071104K
  class space    used 2734K, capacity 2844K, committed 2944K, reserved 1048576K
Event: 2.876 GC heap after
Heap after GC invocations=8 (full 1):
 PSYoungGen      total 99328K, used 7840K [0x00000000d5580000, 0x00000000de500000, 0x0000000100000000)
  eden space 87040K, 0% used [0x00000000d5580000,0x00000000d5580000,0x00000000daa80000)
  from space 12288K, 63% used [0x00000000daa80000,0x00000000db228000,0x00000000db680000)
  to   space 12288K, 0% used [0x00000000dd900000,0x00000000dd900000,0x00000000de500000)
 ParOldGen       total 115200K, used 10240K [0x0000000080000000, 0x0000000087080000, 0x00000000d5580000)
  object space 115200K, 8% used [0x0000000080000000,0x0000000080a00290,0x0000000087080000)
 Metaspace       used 24027K, capacity 24334K, committed 24704K, reserved 1071104K
  class space    used 2734K, capacity 2844K, committed 2944K, reserved 1048576K
}

Deoptimization events (10 events):
Event: 1.618 Thread 0x00000000035c4000 Uncommon trap: reason=unstable_if action=reinterpret pc=0x0000000003a56ca4 method=java.io.WinNTFileSystem.prefixLength(Ljava/lang/String;)I @ 42
Event: 1.688 Thread 0x00000000035c4000 Uncommon trap: reason=unstable_if action=reinterpret pc=0x0000000003bd879c method=java.util.HashMap.putVal(ILjava/lang/Object;Ljava/lang/Object;ZZ)Ljava/lang/Object; @ 162
Event: 1.689 Thread 0x00000000035c4000 Uncommon trap: reason=unstable_if action=reinterpret pc=0x0000000003a52ad4 method=java.util.HashMap.getNode(ILjava/lang/Object;)Ljava/util/HashMap$Node; @ 84
Event: 1.689 Thread 0x00000000035c4000 Uncommon trap: reason=unstable_if action=reinterpret pc=0x0000000003a51fb8 method=java.util.HashMap.getNode(ILjava/lang/Object;)Ljava/util/HashMap$Node; @ 84
Event: 1.689 Thread 0x00000000035c4000 Uncommon trap: reason=unstable_if action=reinterpret pc=0x0000000003ab23b8 method=java.util.HashMap.putVal(ILjava/lang/Object;Ljava/lang/Object;ZZ)Ljava/lang/Object; @ 109
Event: 1.913 Thread 0x00000000035c4000 Uncommon trap: reason=unstable_if action=reinterpret pc=0x00000000038aae2c method=java.io.WinNTFileSystem.normalize(Ljava/lang/String;II)Ljava/lang/String; @ 8
Event: 2.027 Thread 0x00000000035c4000 Uncommon trap: reason=predicate action=maybe_recompile pc=0x0000000003ccbccc method=java.lang.String.regionMatches(ZILjava/lang/String;II)Z @ 63
Event: 2.190 Thread 0x00000000035c4000 Uncommon trap: reason=unstable_if action=reinterpret pc=0x0000000003cdbc80 method=java.lang.Class$MethodArray.addIfNotPresent(Ljava/lang/reflect/Method;)V @ 19
Event: 2.248 Thread 0x00000000035c4000 Uncommon trap: reason=unstable_if action=reinterpret pc=0x000000000389aec8 method=java.io.WinNTFileSystem.isLetter(C)Z @ 3
Event: 2.839 Thread 0x00000000035c4000 Uncommon trap: reason=unstable_if action=reinterpret pc=0x0000000003d3b91c method=java.util.zip.ZipFile$ZipEntryIterator.hasNext()Z @ 25

Classes redefined (0 events):
No events

Internal exceptions (10 events):
Event: 2.851 Thread 0x00000000035c4000 Exception <a 'java/lang/ClassNotFoundException': com/kms/katalon/core/webui/keyword/builtin/ClickKeywordBeanInfo> (0x00000000da3328b8) thrown at [C:\jenkins\workspace\zulu8-silver-build-win64\zulu-src\hotspot\src\share\vm\classfile\systemDictionary.cpp, l
Event: 2.854 Thread 0x00000000035c4000 Exception <a 'java/lang/ClassNotFoundException': com/kms/katalon/core/webui/keyword/internal/WebUIAbstractKeywordBeanInfo> (0x00000000da414368) thrown at [C:\jenkins\workspace\zulu8-silver-build-win64\zulu-src\hotspot\src\share\vm\classfile\systemDictiona
Event: 2.857 Thread 0x00000000035c4000 Exception <a 'java/lang/ClassNotFoundException': com/kms/katalon/core/keyword/internal/AbstractKeywordBeanInfo> (0x00000000da691630) thrown at [C:\jenkins\workspace\zulu8-silver-build-win64\zulu-src\hotspot\src\share\vm\classfile\systemDictionary.cpp, lin
Event: 2.859 Thread 0x00000000035c4000 Exception <a 'java/lang/ClassNotFoundException': com/kms/katalon/core/keyword/internal/AbstractKeywordCustomizer> (0x00000000da760330) thrown at [C:\jenkins\workspace\zulu8-silver-build-win64\zulu-src\hotspot\src\share\vm\classfile\systemDictionary.cpp, l
Event: 2.862 Thread 0x00000000035c4000 Exception <a 'java/lang/ClassNotFoundException': com/kms/katalon/core/webui/keyword/internal/WebUIAbstractKeywordCustomizer> (0x00000000da84c758) thrown at [C:\jenkins\workspace\zulu8-silver-build-win64\zulu-src\hotspot\src\share\vm\classfile\systemDictio
Event: 2.865 Thread 0x00000000035c4000 Exception <a 'java/lang/ClassNotFoundException': com/kms/katalon/core/webui/keyword/builtin/ClickKeywordCustomizer> (0x00000000da923ab0) thrown at [C:\jenkins\workspace\zulu8-silver-build-win64\zulu-src\hotspot\src\share\vm\classfile\systemDictionary.cpp,
Event: 2.869 Thread 0x00000000035c4000 Exception <a 'java/lang/ClassNotFoundException': com/kms/katalon/core/logging/KeywordLoggerBeanInfo> (0x00000000daa1a728) thrown at [C:\jenkins\workspace\zulu8-silver-build-win64\zulu-src\hotspot\src\share\vm\classfile\systemDictionary.cpp, line 220]
Event: 2.878 Thread 0x00000000035c4000 Exception <a 'java/lang/ClassNotFoundException': com/kms/katalon/core/logging/KeywordLoggerCustomizer> (0x00000000d55d1d98) thrown at [C:\jenkins\workspace\zulu8-silver-build-win64\zulu-src\hotspot\src\share\vm\classfile\systemDictionary.cpp, line 220]
Event: 2.888 Thread 0x00000000035c4000 Exception <a 'java/lang/ClassNotFoundException': com/kms/katalon/core/webui/keyword/builtin/InternalSmartWaitGroovyWrapperBeanInfo> (0x00000000d58ad5d0) thrown at [C:\jenkins\workspace\zulu8-silver-build-win64\zulu-src\hotspot\src\share\vm\classfile\syste
Event: 2.890 Thread 0x00000000035c4000 Exception <a 'java/lang/ClassNotFoundException': com/kms/katalon/core/webui/keyword/builtin/InternalSmartWaitGroovyWrapperCustomizer> (0x00000000d59a9238) thrown at [C:\jenkins\workspace\zulu8-silver-build-win64\zulu-src\hotspot\src\share\vm\classfile\sys

Events (10 events):
Event: 2.891 loading class org/codehaus/groovy/runtime/ArrayUtil
Event: 2.891 loading class org/codehaus/groovy/runtime/ArrayUtil done
Event: 2.892 loading class org/codehaus/groovy/runtime/typehandling/DefaultTypeTransformation
Event: 2.892 loading class org/codehaus/groovy/runtime/typehandling/DefaultTypeTransformation done
Event: 2.892 loading class groovy/runtime/metaclass/com/kms/katalon/core/webui/keyword/builtin/ClickKeyword$_click_closure1MetaClass
Event: 2.892 loading class groovy/runtime/metaclass/com/kms/katalon/core/webui/keyword/builtin/ClickKeyword$_click_closure1MetaClass done
Event: 2.902 Thread 0x00000000035c4000 DEOPT PACKING pc=0x0000000003ec950c sp=0x00000000035ab850
Event: 2.902 Thread 0x00000000035c4000 DEOPT UNPACKING pc=0x00000000036f76d0 sp=0x00000000035ab6c8 mode 0
Event: 2.918 loading class java/awt/image/RenderedImage
Event: 2.919 loading class java/awt/image/RenderedImage done


Dynamic libraries:
0x00007ff71b4a0000 - 0x00007ff71b4d5000 	E:\Katalon_Studio_Windows_64-8.5.2\Katalon_Studio_Windows_64-8.5.2\jre\bin\javaw.exe
0x00007ffaf43b0000 - 0x00007ffaf45a8000 	C:\Windows\SYSTEM32\ntdll.dll
0x00007ffaf3ab0000 - 0x00007ffaf3b6f000 	C:\Windows\System32\KERNEL32.DLL
0x00007ffaf1da0000 - 0x00007ffaf2096000 	C:\Windows\System32\KERNELBASE.dll
0x00007ffae84d0000 - 0x00007ffae859f000 	C:\Program Files\Bitdefender\Endpoint Security\bdhkm\dlls_266263002039366268\bdhkm64.dll
0x00007ffae8210000 - 0x00007ffae8369000 	C:\Program Files\Bitdefender\Endpoint Security\atcuf\dlls_266708692577472674\atcuf64.dll
0x00007ffaf3de0000 - 0x00007ffaf3e8f000 	C:\Windows\System32\ADVAPI32.dll
0x00007ffaf2a60000 - 0x00007ffaf2afe000 	C:\Windows\System32\msvcrt.dll
0x00007ffaf3d10000 - 0x00007ffaf3dac000 	C:\Windows\System32\sechost.dll
0x00007ffaf3b70000 - 0x00007ffaf3c96000 	C:\Windows\System32\RPCRT4.dll
0x00007ffaf3fb0000 - 0x00007ffaf414d000 	C:\Windows\System32\USER32.dll
0x00007ffaf22c0000 - 0x00007ffaf22e2000 	C:\Windows\System32\win32u.dll
0x00007ffaf3db0000 - 0x00007ffaf3ddc000 	C:\Windows\System32\GDI32.dll
0x00007ffaf22f0000 - 0x00007ffaf2405000 	C:\Windows\System32\gdi32full.dll
0x00007ffaf21f0000 - 0x00007ffaf228d000 	C:\Windows\System32\msvcp_win.dll
0x00007ffaf20a0000 - 0x00007ffaf21a0000 	C:\Windows\System32\ucrtbase.dll
0x00007ffadbe70000 - 0x00007ffadc10a000 	C:\Windows\WinSxS\amd64_microsoft.windows.common-controls_6595b64144ccf1df_6.0.19041.1110_none_60b5254171f9507e\COMCTL32.dll
0x00007ffaf2b00000 - 0x00007ffaf2b30000 	C:\Windows\System32\IMM32.DLL
0x0000000063a20000 - 0x0000000063af2000 	E:\Katalon_Studio_Windows_64-8.5.2\Katalon_Studio_Windows_64-8.5.2\jre\bin\msvcr100.dll
0x0000000063be0000 - 0x00000000644a5000 	E:\Katalon_Studio_Windows_64-8.5.2\Katalon_Studio_Windows_64-8.5.2\jre\bin\server\jvm.dll
0x00007ffaf3ca0000 - 0x00007ffaf3ca8000 	C:\Windows\System32\PSAPI.DLL
0x00007ffadecd0000 - 0x00007ffadecd9000 	C:\Windows\SYSTEM32\WSOCK32.dll
0x00007ffaf4150000 - 0x00007ffaf41bb000 	C:\Windows\System32\WS2_32.dll
0x00007ffae2c40000 - 0x00007ffae2c67000 	C:\Windows\SYSTEM32\WINMM.dll
0x00007ffae87e0000 - 0x00007ffae87ea000 	C:\Windows\SYSTEM32\VERSION.dll
0x00007ffae8600000 - 0x00007ffae860f000 	E:\Katalon_Studio_Windows_64-8.5.2\Katalon_Studio_Windows_64-8.5.2\jre\bin\verify.dll
0x00007ffaccdf0000 - 0x00007ffacce19000 	E:\Katalon_Studio_Windows_64-8.5.2\Katalon_Studio_Windows_64-8.5.2\jre\bin\java.dll
0x00007ffae7dd0000 - 0x00007ffae7de6000 	E:\Katalon_Studio_Windows_64-8.5.2\Katalon_Studio_Windows_64-8.5.2\jre\bin\zip.dll
0x00007ffaf2e10000 - 0x00007ffaf3554000 	C:\Windows\System32\SHELL32.dll
0x00007ffaefad0000 - 0x00007ffaf0263000 	C:\Windows\SYSTEM32\windows.storage.dll
0x00007ffaf2550000 - 0x00007ffaf28a4000 	C:\Windows\System32\combase.dll
0x00007ffaf1320000 - 0x00007ffaf134e000 	C:\Windows\SYSTEM32\Wldp.dll
0x00007ffaf2b30000 - 0x00007ffaf2bdd000 	C:\Windows\System32\SHCORE.dll
0x00007ffaf3cb0000 - 0x00007ffaf3d05000 	C:\Windows\System32\shlwapi.dll
0x00007ffaf19c0000 - 0x00007ffaf19e5000 	C:\Windows\SYSTEM32\profapi.dll
0x00007ffae6fe0000 - 0x00007ffae6ffb000 	E:\Katalon_Studio_Windows_64-8.5.2\Katalon_Studio_Windows_64-8.5.2\jre\bin\net.dll
0x00007ffaf1100000 - 0x00007ffaf116a000 	C:\Windows\system32\mswsock.dll
0x00007ffac9de0000 - 0x00007ffac9df1000 	E:\Katalon_Studio_Windows_64-8.5.2\Katalon_Studio_Windows_64-8.5.2\jre\bin\nio.dll

VM Arguments:
jvm_args: -Dgroovy.home=C:\Users\tina/.groovy -Djava.system.class.loader=groovy.lang.GroovyClassLoader -Xmx2048m -Dfile.encoding=UTF-8 
java_command: org.codehaus.groovy.tools.GroovyStarter --classpath C:\Users\tina\Katalon Studio\MPluse\bin\keyword;C:\Users\tina\Katalon Studio\MPluse\Keywords;C:\Users\tina\Katalon Studio\MPluse\bin\listener;C:\Users\tina\Katalon Studio\MPluse\Test Listeners;C:\Users\tina\Katalon Studio\MPluse\bin\lib;C:\Users\tina\Katalon Studio\MPluse\Libs;C:\Users\tina\Katalon Studio\MPluse\bin\groovy;C:\Users\tina\Katalon Studio\MPluse\Include\scripts\groovy;E:\Katalon_Studio_Windows_64-8.5.2\Katalon_Studio_Windows_64-8.5.2\plugins\com.kms.katalon.core_1.0.0.202210191203.jar;E:\Katalon_Studio_Windows_64-8.5.2\Katalon_Studio_Windows_64-8.5.2\configuration\resources\lib\aalto-xml-1.0.0.jar;E:\Katalon_Studio_Windows_64-8.5.2\Katalon_Studio_Windows_64-8.5.2\configuration\resources\lib\aspectjweaver-1.9.1.jar;E:\Katalon_Studio_Windows_64-8.5.2\Katalon_Studio_Windows_64-8.5.2\configuration\resources\lib\bcpkix-jdk15on-1.64.jar;E:\Katalon_Studio_Windows_64-8.5.2\Katalon_Studio_Windows_64-8.5.2\configuration\resources\lib\bcprov-jdk15on-1.64.jar;E:\Katalon_Studio_Windows_64-8.5.2\Katalon_Studio_Windows_64-8.5.2\configuration\resources\lib\browsermob-core-2.1.5.jar;E:\Katalon_Studio_Windows_64-8.5.2\Katalon_Studio_Windows_64-8.5.2\configuration\resources\lib\cglib-3.2.10.jar;E:\Katalon_Studio_Windows_64-8.5.2\Katalon_Studio_Windows_64-8.5.2\configuration\resources\lib\commons-codec-1.10.jar;E:\Katalon_Studio_Windows_64-8.5.2\Katalon_Studio_Windows_64-8.5.2\configuration\resources\lib\commons-collections4-4.1.jar;E:\Katalon_Studio_Windows_64-8.5.2\Katalon_Studio_Windows_64-8.5.2\configuration\resources\lib\commons-validator-1.6.jar;E:\Katalon_Studio_Windows_64-8.5.2\Katalon_Studio_Windows_64-8.5.2\configuration\resources\lib\curvesapi-1.04.jar;E:\Katalon_Studio_Windows_64-8.5.2\Katalon_Studio_Windows_64-8.5.2\configuration\resources\lib\dnsjava-2.1.8.jar;E:\Katalon_Studio_Windows_64-8.5.2\Katalon_Studio_Windows_64-8.5.2\configuration\resources\lib\java-client-7.0.0.jar;E:\Katalon_Studio
java_class_path (initial): C:\Users\tina\Katalon Studio\MPluse\bin\keyword;C:\Users\tina\Katalon Studio\MPluse\bin\listener;C:\Users\tina\Katalon Studio\MPluse\bin\lib;C:\Users\tina\Katalon Studio\MPluse\bin\groovy;C:\Users\tina\Katalon Studio\MPluse\bin;E:\Katalon_Studio_Windows_64-8.5.2\Katalon_Studio_Windows_64-8.5.2\plugins\com.kms.katalon.core_1.0.0.202210191203.jar;E:\Katalon_Studio_Windows_64-8.5.2\Katalon_Studio_Windows_64-8.5.2\configuration\resources\lib\aalto-xml-1.0.0.jar;E:\Katalon_Studio_Windows_64-8.5.2\Katalon_Studio_Windows_64-8.5.2\configuration\resources\lib\aspectjweaver-1.9.1.jar;E:\Katalon_Studio_Windows_64-8.5.2\Katalon_Studio_Windows_64-8.5.2\configuration\resources\lib\bcpkix-jdk15on-1.64.jar;E:\Katalon_Studio_Windows_64-8.5.2\Katalon_Studio_Windows_64-8.5.2\configuration\resources\lib\bcprov-jdk15on-1.64.jar;E:\Katalon_Studio_Windows_64-8.5.2\Katalon_Studio_Windows_64-8.5.2\configuration\resources\lib\browsermob-core-2.1.5.jar;E:\Katalon_Studio_Windows_64-8.5.2\Katalon_Studio_Windows_64-8.5.2\configuration\resources\lib\cglib-3.2.10.jar;E:\Katalon_Studio_Windows_64-8.5.2\Katalon_Studio_Windows_64-8.5.2\configuration\resources\lib\commons-codec-1.10.jar;E:\Katalon_Studio_Windows_64-8.5.2\Katalon_Studio_Windows_64-8.5.2\configuration\resources\lib\commons-collections4-4.1.jar;E:\Katalon_Studio_Windows_64-8.5.2\Katalon_Studio_Windows_64-8.5.2\configuration\resources\lib\commons-validator-1.6.jar;E:\Katalon_Studio_Windows_64-8.5.2\Katalon_Studio_Windows_64-8.5.2\configuration\resources\lib\curvesapi-1.04.jar;E:\Katalon_Studio_Windows_64-8.5.2\Katalon_Studio_Windows_64-8.5.2\configuration\resources\lib\dnsjava-2.1.8.jar;E:\Katalon_Studio_Windows_64-8.5.2\Katalon_Studio_Windows_64-8.5.2\configuration\resources\lib\java-client-7.0.0.jar;E:\Katalon_Studio_Windows_64-8.5.2\Katalon_Studio_Windows_64-8.5.2\configuration\resources\lib\jna-4.1.0.jar;E:\Katalon_Studio_Windows_64-8.5.2\Katalon_Studio_Windows_64-8.5.2\configuration\resources\lib\jna-plat
Launcher Type: SUN_STANDARD

Environment Variables:
JAVA_HOME=C:\Program Files\Java\jdk-11.0.15
PATH=E:/Katalon_Studio_Windows_64-8.5.2/Katalon_Studio_Windows_64-8.5.2/jre/bin/server;E:/Katalon_Studio_Windows_64-8.5.2/Katalon_Studio_Windows_64-8.5.2/jre/bin;E:/Katalon_Studio_Windows_64-8.5.2/Katalon_Studio_Windows_64-8.5.2/jre/lib/amd64;C:\Program Files (x86)\Common Files\Oracle\Java\javapath;C:\ProgramData\Oracle\Java\javapath;C:\oraclexe\app\oracle\product\11.2.0\server\bin;C:\Windows\system32;C:\Windows;C:\Windows\System32\Wbem;C:\Windows\System32\WindowsPowerShell\v1.0\;C:\Windows\System32\OpenSSH\;C:\Program Files\Java\jdk-11.0.15;C:\Program Files\Git\cmd;C:\Users\vignesh\Downloads\apache-maven-3.8.5-bin\apache-maven-3.8.5\bin;;C:\Program Files\Docker\Docker\resources\bin;C:\ProgramData\DockerDesktop\version-bin;C:\Program Files\dotnet\;C:\Program Files\TortoiseGit\bin;C:\Program Files\nodejs\;C:\Users\tina\AppData\Local\Microsoft\WindowsApps;;E:\Katalon_Studio_Windows_64-8.5.2\Katalon_Studio_Windows_64-8.5.2;
USERNAME=tina
OS=Windows_NT
PROCESSOR_IDENTIFIER=Intel64 Family 6 Model 140 Stepping 1, GenuineIntel



---------------  S Y S T E M  ---------------

OS: Windows 10.0 , 64 bit Build 19041 (10.0.19041.3155)
HyperV virtualization detected

CPU:total 8 (initial active 8) (4 cores per cpu, 2 threads per core) family 6 model 140 stepping 1, cmov, cx8, fxsr, mmx, sse, sse2, sse3, ssse3, sse4.1, sse4.2, popcnt, avx, avx2, aes, clmul, erms, 3dnowpref, lzcnt, ht, tsc, tscinvbit, bmi1, bmi2, adx

Memory: 4k page, physical 16505632k(3012540k free), swap 47927708k(6668k free)

vm_info: OpenJDK 64-Bit Server VM (25.282-b08) for windows-amd64 JRE (Zulu 8.52.0.23-CA-win64) (1.8.0_282-b08), built on Jan 12 2021 07:45:49 by "tester" with MS VC++ 10.0 (VS2010)

time: Fri Sep 15 16:13:07 2023
timezone: India Standard Time
elapsed time: 2.936680 seconds (0d 0h 0m 2s)

