#
# There is insufficient memory for the Java Runtime Environment to continue.
# Native memory allocation (malloc) failed to allocate 1471024 bytes for Chunk::new
# Possible reasons:
#   The system is out of physical RAM or swap space
#   The process is running with CompressedOops enabled, and the Java Heap may be blocking the growth of the native heap
# Possible solutions:
#   Reduce memory load on the system
#   Increase physical memory or swap space
#   Check if swap backing store is full
#   Decrease Java heap size (-Xmx/-Xms)
#   Decrease number of Java threads
#   Decrease Java thread stack sizes (-Xss)
#   Set larger code cache with -XX:ReservedCodeCacheSize=
#   JVM is running with Unscaled Compressed Oops mode in which the Java heap is
#     placed in the first 4GB address space. The Java Heap base address is the
#     maximum limit for the native heap growth. Please use -XX:HeapBaseMinAddress
#     to set the Java Heap base and to place the Java Heap above 4GB virtual address.
# This output file may be truncated or incomplete.
#
#  Out of Memory Error (allocation.cpp:389), pid=5340, tid=0x000000000000acfc
#
# JRE version: OpenJDK Runtime Environment (Zulu 8.52.0.23-CA-win64) (8.0_282-b08) (build 1.8.0_282-b08)
# Java VM: OpenJDK 64-Bit Server VM (25.282-b08 mixed mode windows-amd64 compressed oops)
# Failed to write core dump. Minidumps are not enabled by default on client versions of Windows
#

---------------  T H R E A D  ---------------

Current thread (0x000000001b01f800):  JavaThread "C2 CompilerThread1" daemon [_thread_in_native, id=44284, stack(0x000000001bae0000,0x000000001bbe0000)]

Stack: [0x000000001bae0000,0x000000001bbe0000]
[error occurred during error reporting (printing stack bounds), id 0xc0000005]

Native frames: (J=compiled Java code, j=interpreted, Vv=VM code, C=native code)


Current CompileTask:
C2:   2799 2105   !   4       com.sun.beans.TypeResolver::resolve (274 bytes)


---------------  P R O C E S S  ---------------

Java Threads: ( => current thread )
  0x000000001b04f000 JavaThread "Service Thread" daemon [_thread_blocked, id=41304, stack(0x000000001bde0000,0x000000001bee0000)]
  0x000000001b025800 JavaThread "C1 CompilerThread3" daemon [_thread_blocked, id=45760, stack(0x000000001bce0000,0x000000001bde0000)]
  0x000000001b020800 JavaThread "C2 CompilerThread2" daemon [_thread_in_native, id=42168, stack(0x000000001bbe0000,0x000000001bce0000)]
=>0x000000001b01f800 JavaThread "C2 CompilerThread1" daemon [_thread_in_native, id=44284, stack(0x000000001bae0000,0x000000001bbe0000)]
  0x000000001b01c800 JavaThread "C2 CompilerThread0" daemon [_thread_in_native, id=32300, stack(0x000000001b9e0000,0x000000001bae0000)]
  0x000000001b011800 JavaThread "Attach Listener" daemon [_thread_blocked, id=37472, stack(0x000000001b8e0000,0x000000001b9e0000)]
  0x000000001b010800 JavaThread "Signal Dispatcher" daemon [_thread_blocked, id=9040, stack(0x000000001b7e0000,0x000000001b8e0000)]
  0x000000001a907800 JavaThread "Finalizer" daemon [_thread_blocked, id=18848, stack(0x000000001ade0000,0x000000001aee0000)]
  0x000000001a900800 JavaThread "Reference Handler" daemon [_thread_blocked, id=37388, stack(0x000000001ace0000,0x000000001ade0000)]
  0x00000000039b4000 JavaThread "main" [_thread_in_native, id=46468, stack(0x00000000038a0000,0x00000000039a0000)]

Other Threads:
  0x0000000018b10000 VMThread [stack: 0x000000001a7e0000,0x000000001a8e0000] [id=41712]
  0x000000001b031800 WatcherThread [stack: 0x000000001bee0000,0x000000001bfe0000] [id=13808]

VM state:not at safepoint (normal execution)

VM Mutex/Monitor currently owned by a thread: None

heap address: 0x0000000080000000, size: 2048 MB, Compressed Oops mode: 32-bit
Narrow klass base: 0x0000000000000000, Narrow klass shift: 3
Compressed class space size: 1073741824 Address: 0x0000000100000000

Heap:
 PSYoungGen      total 110080K, used 22966K [0x00000000d5580000, 0x00000000dcf00000, 0x0000000100000000)
  eden space 97792K, 17% used [0x00000000d5580000,0x00000000d66a1968,0x00000000db500000)
  from space 12288K, 44% used [0x00000000dc100000,0x00000000dc64c010,0x00000000dcd00000)
  to   space 12288K, 0% used [0x00000000db500000,0x00000000db500000,0x00000000dc100000)
 ParOldGen       total 96768K, used 8510K [0x0000000080000000, 0x0000000085e80000, 0x00000000d5580000)
  object space 96768K, 8% used [0x0000000080000000,0x000000008084fba8,0x0000000085e80000)
 Metaspace       used 22909K, capacity 23308K, committed 23424K, reserved 1071104K
  class space    used 2531K, capacity 2674K, committed 2688K, reserved 1048576K

Card table byte_map: [0x0000000012e60000,0x0000000013270000] byte_map_base: 0x0000000012a60000

Marking Bits: (ParMarkBitMap*) 0x0000000064421f00
 Begin Bits: [0x0000000013d20000, 0x0000000015d20000)
 End Bits:   [0x0000000015d20000, 0x0000000017d20000)

Polling page: 0x0000000001810000

CodeCache: size=245760Kb used=9650Kb max_used=9650Kb free=236109Kb
 bounds [0x0000000003aa0000, 0x0000000004420000, 0x0000000012aa0000]
 total_blobs=2902 nmethods=2262 adapters=550
 compilation: enabled

Compilation events (10 events):
Event: 2.785 Thread 0x000000001b025800 2265       3       java.util.regex.Pattern$CharProperty::match (56 bytes)
Event: 2.785 Thread 0x000000001b025800 nmethod 2265 0x000000000440e610 code [0x000000000440e7a0, 0x000000000440ec88]
Event: 2.786 Thread 0x000000001b025800 2266       3       java.util.regex.Pattern$CharProperty$1::isSatisfiedBy (17 bytes)
Event: 2.786 Thread 0x000000001b025800 nmethod 2266 0x000000000440ee10 code [0x000000000440ef80, 0x000000000440f1e8]
Event: 2.791 Thread 0x000000001b025800 2267       3       java.util.regex.Matcher::find (69 bytes)
Event: 2.791 Thread 0x000000001b025800 nmethod 2267 0x000000000440f290 code [0x000000000440f400, 0x000000000440f7a8]
Event: 2.791 Thread 0x000000001b025800 2268       3       java.util.regex.Pattern::append (39 bytes)
Event: 2.792 Thread 0x000000001b025800 nmethod 2268 0x000000000440f890 code [0x000000000440fa00, 0x000000000440fd48]
Event: 2.796 Thread 0x000000001b025800 2269       3       java.util.regex.Matcher::match (109 bytes)
Event: 2.796 Thread 0x000000001b025800 nmethod 2269 0x000000000440fe90 code [0x0000000004410020, 0x0000000004410428]

GC Heap History (10 events):
Event: 1.912 GC heap before
{Heap before GC invocations=5 (full 0):
 PSYoungGen      total 75264K, used 21852K [0x00000000d5580000, 0x00000000da980000, 0x0000000100000000)
  eden space 64512K, 18% used [0x00000000d5580000,0x00000000d60e0290,0x00000000d9480000)
  from space 10752K, 94% used [0x00000000d9f00000,0x00000000da8f6f98,0x00000000da980000)
  to   space 10752K, 0% used [0x00000000d9480000,0x00000000d9480000,0x00000000d9f00000)
 ParOldGen       total 172032K, used 112K [0x0000000080000000, 0x000000008a800000, 0x00000000d5580000)
  object space 172032K, 0% used [0x0000000080000000,0x000000008001c010,0x000000008a800000)
 Metaspace       used 20813K, capacity 21136K, committed 21296K, reserved 1069056K
  class space    used 2313K, capacity 2425K, committed 2432K, reserved 1048576K
Event: 1.916 GC heap after
Heap after GC invocations=5 (full 0):
 PSYoungGen      total 75264K, used 8596K [0x00000000d5580000, 0x00000000da980000, 0x0000000100000000)
  eden space 64512K, 0% used [0x00000000d5580000,0x00000000d5580000,0x00000000d9480000)
  from space 10752K, 79% used [0x00000000d9480000,0x00000000d9ce5230,0x00000000d9f00000)
  to   space 10752K, 0% used [0x00000000d9f00000,0x00000000d9f00000,0x00000000da980000)
 ParOldGen       total 172032K, used 120K [0x0000000080000000, 0x000000008a800000, 0x00000000d5580000)
  object space 172032K, 0% used [0x0000000080000000,0x000000008001e010,0x000000008a800000)
 Metaspace       used 20813K, capacity 21136K, committed 21296K, reserved 1069056K
  class space    used 2313K, capacity 2425K, committed 2432K, reserved 1048576K
}
Event: 1.916 GC heap before
{Heap before GC invocations=6 (full 1):
 PSYoungGen      total 75264K, used 8596K [0x00000000d5580000, 0x00000000da980000, 0x0000000100000000)
  eden space 64512K, 0% used [0x00000000d5580000,0x00000000d5580000,0x00000000d9480000)
  from space 10752K, 79% used [0x00000000d9480000,0x00000000d9ce5230,0x00000000d9f00000)
  to   space 10752K, 0% used [0x00000000d9f00000,0x00000000d9f00000,0x00000000da980000)
 ParOldGen       total 172032K, used 120K [0x0000000080000000, 0x000000008a800000, 0x00000000d5580000)
  object space 172032K, 0% used [0x0000000080000000,0x000000008001e010,0x000000008a800000)
 Metaspace       used 20813K, capacity 21136K, committed 21296K, reserved 1069056K
  class space    used 2313K, capacity 2425K, committed 2432K, reserved 1048576K
Event: 1.938 GC heap after
Heap after GC invocations=6 (full 1):
 PSYoungGen      total 75264K, used 0K [0x00000000d5580000, 0x00000000da980000, 0x0000000100000000)
  eden space 64512K, 0% used [0x00000000d5580000,0x00000000d5580000,0x00000000d9480000)
  from space 10752K, 0% used [0x00000000d9480000,0x00000000d9480000,0x00000000d9f00000)
  to   space 10752K, 0% used [0x00000000d9f00000,0x00000000d9f00000,0x00000000da980000)
 ParOldGen       total 96768K, used 8502K [0x0000000080000000, 0x0000000085e80000, 0x00000000d5580000)
  object space 96768K, 8% used [0x0000000080000000,0x000000008084dba8,0x0000000085e80000)
 Metaspace       used 20813K, capacity 21136K, committed 21296K, reserved 1069056K
  class space    used 2313K, capacity 2425K, committed 2432K, reserved 1048576K
}
Event: 2.260 GC heap before
{Heap before GC invocations=7 (full 1):
 PSYoungGen      total 75264K, used 64512K [0x00000000d5580000, 0x00000000da980000, 0x0000000100000000)
  eden space 64512K, 100% used [0x00000000d5580000,0x00000000d9480000,0x00000000d9480000)
  from space 10752K, 0% used [0x00000000d9480000,0x00000000d9480000,0x00000000d9f00000)
  to   space 10752K, 0% used [0x00000000d9f00000,0x00000000d9f00000,0x00000000da980000)
 ParOldGen       total 96768K, used 8502K [0x0000000080000000, 0x0000000085e80000, 0x00000000d5580000)
  object space 96768K, 8% used [0x0000000080000000,0x000000008084dba8,0x0000000085e80000)
 Metaspace       used 22107K, capacity 22528K, committed 22832K, reserved 1069056K
  class space    used 2448K, capacity 2582K, committed 2688K, reserved 1048576K
Event: 2.261 GC heap after
Heap after GC invocations=7 (full 1):
 PSYoungGen      total 73728K, used 3028K [0x00000000d5580000, 0x00000000dd200000, 0x0000000100000000)
  eden space 62976K, 0% used [0x00000000d5580000,0x00000000d5580000,0x00000000d9300000)
  from space 10752K, 28% used [0x00000000d9f00000,0x00000000da1f5178,0x00000000da980000)
  to   space 12288K, 0% used [0x00000000d9300000,0x00000000d9300000,0x00000000d9f00000)
 ParOldGen       total 96768K, used 8510K [0x0000000080000000, 0x0000000085e80000, 0x00000000d5580000)
  object space 96768K, 8% used [0x0000000080000000,0x000000008084fba8,0x0000000085e80000)
 Metaspace       used 22107K, capacity 22528K, committed 22832K, reserved 1069056K
  class space    used 2448K, capacity 2582K, committed 2688K, reserved 1048576K
}
Event: 2.456 GC heap before
{Heap before GC invocations=8 (full 1):
 PSYoungGen      total 73728K, used 66004K [0x00000000d5580000, 0x00000000dd200000, 0x0000000100000000)
  eden space 62976K, 100% used [0x00000000d5580000,0x00000000d9300000,0x00000000d9300000)
  from space 10752K, 28% used [0x00000000d9f00000,0x00000000da1f5178,0x00000000da980000)
  to   space 12288K, 0% used [0x00000000d9300000,0x00000000d9300000,0x00000000d9f00000)
 ParOldGen       total 96768K, used 8510K [0x0000000080000000, 0x0000000085e80000, 0x00000000d5580000)
  object space 96768K, 8% used [0x0000000080000000,0x000000008084fba8,0x0000000085e80000)
 Metaspace       used 22358K, capacity 22720K, committed 23088K, reserved 1069056K
  class space    used 2454K, capacity 2582K, committed 2688K, reserved 1048576K
Event: 2.457 GC heap after
Heap after GC invocations=8 (full 1):
 PSYoungGen      total 75264K, used 2641K [0x00000000d5580000, 0x00000000dcd00000, 0x0000000100000000)
  eden space 62976K, 0% used [0x00000000d5580000,0x00000000d5580000,0x00000000d9300000)
  from space 12288K, 21% used [0x00000000d9300000,0x00000000d95945e0,0x00000000d9f00000)
  to   space 12288K, 0% used [0x00000000dc100000,0x00000000dc100000,0x00000000dcd00000)
 ParOldGen       total 96768K, used 8510K [0x0000000080000000, 0x0000000085e80000, 0x00000000d5580000)
  object space 96768K, 8% used [0x0000000080000000,0x000000008084fba8,0x0000000085e80000)
 Metaspace       used 22358K, capacity 22720K, committed 23088K, reserved 1069056K
  class space    used 2454K, capacity 2582K, committed 2688K, reserved 1048576K
}
Event: 2.709 GC heap before
{Heap before GC invocations=9 (full 1):
 PSYoungGen      total 75264K, used 65617K [0x00000000d5580000, 0x00000000dcd00000, 0x0000000100000000)
  eden space 62976K, 100% used [0x00000000d5580000,0x00000000d9300000,0x00000000d9300000)
  from space 12288K, 21% used [0x00000000d9300000,0x00000000d95945e0,0x00000000d9f00000)
  to   space 12288K, 0% used [0x00000000dc100000,0x00000000dc100000,0x00000000dcd00000)
 ParOldGen       total 96768K, used 8510K [0x0000000080000000, 0x0000000085e80000, 0x00000000d5580000)
  object space 96768K, 8% used [0x0000000080000000,0x000000008084fba8,0x0000000085e80000)
 Metaspace       used 22611K, capacity 22962K, committed 23088K, reserved 1069056K
  class space    used 2482K, capacity 2600K, committed 2688K, reserved 1048576K
Event: 2.714 GC heap after
Heap after GC invocations=9 (full 1):
 PSYoungGen      total 110080K, used 5424K [0x00000000d5580000, 0x00000000dcf00000, 0x0000000100000000)
  eden space 97792K, 0% used [0x00000000d5580000,0x00000000d5580000,0x00000000db500000)
  from space 12288K, 44% used [0x00000000dc100000,0x00000000dc64c010,0x00000000dcd00000)
  to   space 12288K, 0% used [0x00000000db500000,0x00000000db500000,0x00000000dc100000)
 ParOldGen       total 96768K, used 8510K [0x0000000080000000, 0x0000000085e80000, 0x00000000d5580000)
  object space 96768K, 8% used [0x0000000080000000,0x000000008084fba8,0x0000000085e80000)
 Metaspace       used 22611K, capacity 22962K, committed 23088K, reserved 1069056K
  class space    used 2482K, capacity 2600K, committed 2688K, reserved 1048576K
}

Deoptimization events (10 events):
Event: 1.889 Thread 0x00000000039b4000 Uncommon trap: reason=unstable_if action=reinterpret pc=0x0000000003e5d7b8 method=java.util.HashMap.getNode(ILjava/lang/Object;)Ljava/util/HashMap$Node; @ 129
Event: 1.889 Thread 0x00000000039b4000 Uncommon trap: reason=bimorphic action=maybe_recompile pc=0x00000000040086a0 method=java.util.HashMap.putVal(ILjava/lang/Object;Ljava/lang/Object;ZZ)Ljava/lang/Object; @ 203
Event: 1.966 Thread 0x00000000039b4000 Uncommon trap: reason=unstable_if action=reinterpret pc=0x0000000003ca3b6c method=java.io.WinNTFileSystem.normalize(Ljava/lang/String;II)Ljava/lang/String; @ 8
Event: 2.038 Thread 0x00000000039b4000 Uncommon trap: reason=predicate action=maybe_recompile pc=0x0000000003e318f0 method=groovyjarjarantlr.InputBuffer.syncConsume()V @ 7
Event: 2.038 Thread 0x00000000039b4000 Uncommon trap: reason=predicate action=maybe_recompile pc=0x0000000003e17a94 method=groovyjarjarantlr.InputBuffer.syncConsume()V @ 7
Event: 2.038 Thread 0x00000000039b4000 Uncommon trap: reason=predicate action=maybe_recompile pc=0x0000000003e2a64c method=groovyjarjarantlr.InputBuffer.syncConsume()V @ 7
Event: 2.068 Thread 0x00000000039b4000 Uncommon trap: reason=unstable_if action=reinterpret pc=0x00000000040fa188 method=java.lang.Class$MethodArray.addIfNotPresent(Ljava/lang/reflect/Method;)V @ 19
Event: 2.129 Thread 0x00000000039b4000 Uncommon trap: reason=unstable_if action=reinterpret pc=0x0000000003c9146c method=java.io.WinNTFileSystem.normalize(Ljava/lang/String;II)Ljava/lang/String; @ 8
Event: 2.567 Thread 0x00000000039b4000 Uncommon trap: reason=unstable_if action=reinterpret pc=0x00000000040003e4 method=java.lang.CharacterDataLatin1.digit(II)I @ 60
Event: 2.571 Thread 0x00000000039b4000 Uncommon trap: reason=unstable_if action=reinterpret pc=0x0000000004275cb8 method=groovy.lang.MetaClassImpl.checkIfStdMethod(Lgroovy/lang/MetaMethod;)V @ 9

Classes redefined (0 events):
No events

Internal exceptions (10 events):
Event: 2.731 Thread 0x00000000039b4000 Exception <a 'java/lang/ClassNotFoundException': Script5BeanInfo> (0x00000000d57c5780) thrown at [C:\jenkins\workspace\zulu8-silver-build-win64\zulu-src\hotspot\src\share\vm\classfile\systemDictionary.cpp, line 220]
Event: 2.734 Thread 0x00000000039b4000 Exception <a 'java/lang/ClassNotFoundException': Script5Customizer> (0x00000000d5865b40) thrown at [C:\jenkins\workspace\zulu8-silver-build-win64\zulu-src\hotspot\src\share\vm\classfile\systemDictionary.cpp, line 220]
Event: 2.742 Thread 0x00000000039b4000 Exception <a 'java/lang/ClassNotFoundException': Script6BeanInfo> (0x00000000d59a70c0) thrown at [C:\jenkins\workspace\zulu8-silver-build-win64\zulu-src\hotspot\src\share\vm\classfile\systemDictionary.cpp, line 220]
Event: 2.744 Thread 0x00000000039b4000 Exception <a 'java/lang/ClassNotFoundException': Script6Customizer> (0x00000000d5a47480) thrown at [C:\jenkins\workspace\zulu8-silver-build-win64\zulu-src\hotspot\src\share\vm\classfile\systemDictionary.cpp, line 220]
Event: 2.761 Thread 0x00000000039b4000 Exception <a 'java/lang/ClassNotFoundException': com/kms/katalon/core/webui/keyword/WebUiBuiltInKeywordsBeanInfo> (0x00000000d5c855d0) thrown at [C:\jenkins\workspace\zulu8-silver-build-win64\zulu-src\hotspot\src\share\vm\classfile\systemDictionary.cpp, l
Event: 2.764 Thread 0x00000000039b4000 Exception <a 'java/lang/ClassNotFoundException': com/kms/katalon/core/keyword/BuiltinKeywordsBeanInfo> (0x00000000d5d3c4b8) thrown at [C:\jenkins\workspace\zulu8-silver-build-win64\zulu-src\hotspot\src\share\vm\classfile\systemDictionary.cpp, line 220]
Event: 2.766 Thread 0x00000000039b4000 Exception <a 'java/lang/ClassNotFoundException': com/kms/katalon/core/keyword/BuiltinKeywordsCustomizer> (0x00000000d5df6590) thrown at [C:\jenkins\workspace\zulu8-silver-build-win64\zulu-src\hotspot\src\share\vm\classfile\systemDictionary.cpp, line 220]
Event: 2.769 Thread 0x00000000039b4000 Exception <a 'java/lang/ClassNotFoundException': com/kms/katalon/core/webui/keyword/WebUiBuiltInKeywordsCustomizer> (0x00000000d5eded90) thrown at [C:\jenkins\workspace\zulu8-silver-build-win64\zulu-src\hotspot\src\share\vm\classfile\systemDictionary.cpp,
Event: 2.776 Thread 0x00000000039b4000 Exception <a 'java/lang/ClassNotFoundException': com/kms/katalon/core/constants/CoreConstantsBeanInfo> (0x00000000d61474c0) thrown at [C:\jenkins\workspace\zulu8-silver-build-win64\zulu-src\hotspot\src\share\vm\classfile\systemDictionary.cpp, line 220]
Event: 2.778 Thread 0x00000000039b4000 Exception <a 'java/lang/ClassNotFoundException': com/kms/katalon/core/constants/CoreConstantsCustomizer> (0x00000000d6201778) thrown at [C:\jenkins\workspace\zulu8-silver-build-win64\zulu-src\hotspot\src\share\vm\classfile\systemDictionary.cpp, line 220]

Events (10 events):
Event: 2.774 loading class com/kms/katalon/core/constants/CoreConstantsBeanInfo
Event: 2.774 loading class com/kms/katalon/core/constants/CoreConstantsBeanInfo done
Event: 2.776 loading class com/kms/katalon/core/constants/CoreConstantsBeanInfo
Event: 2.776 loading class com/kms/katalon/core/constants/CoreConstantsBeanInfo done
Event: 2.776 loading class com/kms/katalon/core/constants/CoreConstantsCustomizer
Event: 2.776 loading class com/kms/katalon/core/constants/CoreConstantsCustomizer done
Event: 2.777 loading class com/kms/katalon/core/constants/CoreConstantsCustomizer
Event: 2.777 loading class com/kms/katalon/core/constants/CoreConstantsCustomizer done
Event: 2.778 loading class com/kms/katalon/core/constants/CoreConstantsCustomizer
Event: 2.778 loading class com/kms/katalon/core/constants/CoreConstantsCustomizer done


Dynamic libraries:
0x00007ff71b4a0000 - 0x00007ff71b4d5000 	E:\Katalon_Studio_Windows_64-8.5.2\Katalon_Studio_Windows_64-8.5.2\jre\bin\javaw.exe
0x00007ffaf43b0000 - 0x00007ffaf45a8000 	C:\Windows\SYSTEM32\ntdll.dll
0x00007ffaf3ab0000 - 0x00007ffaf3b6f000 	C:\Windows\System32\KERNEL32.DLL
0x00007ffaf1da0000 - 0x00007ffaf2096000 	C:\Windows\System32\KERNELBASE.dll
0x00007ffae84d0000 - 0x00007ffae859f000 	C:\Program Files\Bitdefender\Endpoint Security\bdhkm\dlls_266263002039366268\bdhkm64.dll
0x00007ffae8210000 - 0x00007ffae8369000 	C:\Program Files\Bitdefender\Endpoint Security\atcuf\dlls_266708692577472674\atcuf64.dll
0x00007ffaf3de0000 - 0x00007ffaf3e8f000 	C:\Windows\System32\ADVAPI32.dll
0x00007ffaf2a60000 - 0x00007ffaf2afe000 	C:\Windows\System32\msvcrt.dll
0x00007ffaf3d10000 - 0x00007ffaf3dac000 	C:\Windows\System32\sechost.dll
0x00007ffaf3b70000 - 0x00007ffaf3c96000 	C:\Windows\System32\RPCRT4.dll
0x00007ffaf3fb0000 - 0x00007ffaf414d000 	C:\Windows\System32\USER32.dll
0x00007ffaf22c0000 - 0x00007ffaf22e2000 	C:\Windows\System32\win32u.dll
0x00007ffaf3db0000 - 0x00007ffaf3ddc000 	C:\Windows\System32\GDI32.dll
0x00007ffaf22f0000 - 0x00007ffaf2405000 	C:\Windows\System32\gdi32full.dll
0x00007ffaf21f0000 - 0x00007ffaf228d000 	C:\Windows\System32\msvcp_win.dll
0x00007ffaf20a0000 - 0x00007ffaf21a0000 	C:\Windows\System32\ucrtbase.dll
0x00007ffadbe70000 - 0x00007ffadc10a000 	C:\Windows\WinSxS\amd64_microsoft.windows.common-controls_6595b64144ccf1df_6.0.19041.1110_none_60b5254171f9507e\COMCTL32.dll
0x00007ffaf2b00000 - 0x00007ffaf2b30000 	C:\Windows\System32\IMM32.DLL
0x0000000063a20000 - 0x0000000063af2000 	E:\Katalon_Studio_Windows_64-8.5.2\Katalon_Studio_Windows_64-8.5.2\jre\bin\msvcr100.dll
0x0000000063be0000 - 0x00000000644a5000 	E:\Katalon_Studio_Windows_64-8.5.2\Katalon_Studio_Windows_64-8.5.2\jre\bin\server\jvm.dll
0x00007ffaf3ca0000 - 0x00007ffaf3ca8000 	C:\Windows\System32\PSAPI.DLL
0x00007ffadecd0000 - 0x00007ffadecd9000 	C:\Windows\SYSTEM32\WSOCK32.dll
0x00007ffaf4150000 - 0x00007ffaf41bb000 	C:\Windows\System32\WS2_32.dll
0x00007ffae2c40000 - 0x00007ffae2c67000 	C:\Windows\SYSTEM32\WINMM.dll
0x00007ffae87e0000 - 0x00007ffae87ea000 	C:\Windows\SYSTEM32\VERSION.dll
0x00007ffae8600000 - 0x00007ffae860f000 	E:\Katalon_Studio_Windows_64-8.5.2\Katalon_Studio_Windows_64-8.5.2\jre\bin\verify.dll
0x00007ffaccdf0000 - 0x00007ffacce19000 	E:\Katalon_Studio_Windows_64-8.5.2\Katalon_Studio_Windows_64-8.5.2\jre\bin\java.dll
0x00007ffae7dd0000 - 0x00007ffae7de6000 	E:\Katalon_Studio_Windows_64-8.5.2\Katalon_Studio_Windows_64-8.5.2\jre\bin\zip.dll
0x00007ffaf2e10000 - 0x00007ffaf3554000 	C:\Windows\System32\SHELL32.dll
0x00007ffaefad0000 - 0x00007ffaf0263000 	C:\Windows\SYSTEM32\windows.storage.dll
0x00007ffaf2550000 - 0x00007ffaf28a4000 	C:\Windows\System32\combase.dll
0x00007ffaf1320000 - 0x00007ffaf134e000 	C:\Windows\SYSTEM32\Wldp.dll
0x00007ffaf2b30000 - 0x00007ffaf2bdd000 	C:\Windows\System32\SHCORE.dll
0x00007ffaf3cb0000 - 0x00007ffaf3d05000 	C:\Windows\System32\shlwapi.dll
0x00007ffaf19c0000 - 0x00007ffaf19e5000 	C:\Windows\SYSTEM32\profapi.dll
0x00007ffae6fe0000 - 0x00007ffae6ffb000 	E:\Katalon_Studio_Windows_64-8.5.2\Katalon_Studio_Windows_64-8.5.2\jre\bin\net.dll
0x00007ffaf1100000 - 0x00007ffaf116a000 	C:\Windows\system32\mswsock.dll
0x00007ffac9de0000 - 0x00007ffac9df1000 	E:\Katalon_Studio_Windows_64-8.5.2\Katalon_Studio_Windows_64-8.5.2\jre\bin\nio.dll

VM Arguments:
jvm_args: -Dgroovy.home=C:\Users\tina/.groovy -Djava.system.class.loader=groovy.lang.GroovyClassLoader -Xmx2048m -Dfile.encoding=UTF-8 
java_command: org.codehaus.groovy.tools.GroovyStarter --classpath C:\Users\tina\Katalon Studio\MPluse\bin\keyword;C:\Users\tina\Katalon Studio\MPluse\Keywords;C:\Users\tina\Katalon Studio\MPluse\bin\listener;C:\Users\tina\Katalon Studio\MPluse\Test Listeners;C:\Users\tina\Katalon Studio\MPluse\bin\lib;C:\Users\tina\Katalon Studio\MPluse\Libs;C:\Users\tina\Katalon Studio\MPluse\bin\groovy;C:\Users\tina\Katalon Studio\MPluse\Include\scripts\groovy;E:\Katalon_Studio_Windows_64-8.5.2\Katalon_Studio_Windows_64-8.5.2\plugins\com.kms.katalon.core_1.0.0.202210191203.jar;E:\Katalon_Studio_Windows_64-8.5.2\Katalon_Studio_Windows_64-8.5.2\configuration\resources\lib\aalto-xml-1.0.0.jar;E:\Katalon_Studio_Windows_64-8.5.2\Katalon_Studio_Windows_64-8.5.2\configuration\resources\lib\aspectjweaver-1.9.1.jar;E:\Katalon_Studio_Windows_64-8.5.2\Katalon_Studio_Windows_64-8.5.2\configuration\resources\lib\bcpkix-jdk15on-1.64.jar;E:\Katalon_Studio_Windows_64-8.5.2\Katalon_Studio_Windows_64-8.5.2\configuration\resources\lib\bcprov-jdk15on-1.64.jar;E:\Katalon_Studio_Windows_64-8.5.2\Katalon_Studio_Windows_64-8.5.2\configuration\resources\lib\browsermob-core-2.1.5.jar;E:\Katalon_Studio_Windows_64-8.5.2\Katalon_Studio_Windows_64-8.5.2\configuration\resources\lib\cglib-3.2.10.jar;E:\Katalon_Studio_Windows_64-8.5.2\Katalon_Studio_Windows_64-8.5.2\configuration\resources\lib\commons-codec-1.10.jar;E:\Katalon_Studio_Windows_64-8.5.2\Katalon_Studio_Windows_64-8.5.2\configuration\resources\lib\commons-collections4-4.1.jar;E:\Katalon_Studio_Windows_64-8.5.2\Katalon_Studio_Windows_64-8.5.2\configuration\resources\lib\commons-validator-1.6.jar;E:\Katalon_Studio_Windows_64-8.5.2\Katalon_Studio_Windows_64-8.5.2\configuration\resources\lib\curvesapi-1.04.jar;E:\Katalon_Studio_Windows_64-8.5.2\Katalon_Studio_Windows_64-8.5.2\configuration\resources\lib\dnsjava-2.1.8.jar;E:\Katalon_Studio_Windows_64-8.5.2\Katalon_Studio_Windows_64-8.5.2\configuration\resources\lib\java-client-7.0.0.jar;E:\Katalon_Studio
java_class_path (initial): C:\Users\tina\Katalon Studio\MPluse\bin\keyword;C:\Users\tina\Katalon Studio\MPluse\bin\listener;C:\Users\tina\Katalon Studio\MPluse\bin\lib;C:\Users\tina\Katalon Studio\MPluse\bin\groovy;C:\Users\tina\Katalon Studio\MPluse\bin;E:\Katalon_Studio_Windows_64-8.5.2\Katalon_Studio_Windows_64-8.5.2\plugins\com.kms.katalon.core_1.0.0.202210191203.jar;E:\Katalon_Studio_Windows_64-8.5.2\Katalon_Studio_Windows_64-8.5.2\configuration\resources\lib\aalto-xml-1.0.0.jar;E:\Katalon_Studio_Windows_64-8.5.2\Katalon_Studio_Windows_64-8.5.2\configuration\resources\lib\aspectjweaver-1.9.1.jar;E:\Katalon_Studio_Windows_64-8.5.2\Katalon_Studio_Windows_64-8.5.2\configuration\resources\lib\bcpkix-jdk15on-1.64.jar;E:\Katalon_Studio_Windows_64-8.5.2\Katalon_Studio_Windows_64-8.5.2\configuration\resources\lib\bcprov-jdk15on-1.64.jar;E:\Katalon_Studio_Windows_64-8.5.2\Katalon_Studio_Windows_64-8.5.2\configuration\resources\lib\browsermob-core-2.1.5.jar;E:\Katalon_Studio_Windows_64-8.5.2\Katalon_Studio_Windows_64-8.5.2\configuration\resources\lib\cglib-3.2.10.jar;E:\Katalon_Studio_Windows_64-8.5.2\Katalon_Studio_Windows_64-8.5.2\configuration\resources\lib\commons-codec-1.10.jar;E:\Katalon_Studio_Windows_64-8.5.2\Katalon_Studio_Windows_64-8.5.2\configuration\resources\lib\commons-collections4-4.1.jar;E:\Katalon_Studio_Windows_64-8.5.2\Katalon_Studio_Windows_64-8.5.2\configuration\resources\lib\commons-validator-1.6.jar;E:\Katalon_Studio_Windows_64-8.5.2\Katalon_Studio_Windows_64-8.5.2\configuration\resources\lib\curvesapi-1.04.jar;E:\Katalon_Studio_Windows_64-8.5.2\Katalon_Studio_Windows_64-8.5.2\configuration\resources\lib\dnsjava-2.1.8.jar;E:\Katalon_Studio_Windows_64-8.5.2\Katalon_Studio_Windows_64-8.5.2\configuration\resources\lib\java-client-7.0.0.jar;E:\Katalon_Studio_Windows_64-8.5.2\Katalon_Studio_Windows_64-8.5.2\configuration\resources\lib\jna-4.1.0.jar;E:\Katalon_Studio_Windows_64-8.5.2\Katalon_Studio_Windows_64-8.5.2\configuration\resources\lib\jna-plat
Launcher Type: SUN_STANDARD

Environment Variables:
JAVA_HOME=C:\Program Files\Java\jdk-11.0.15
PATH=E:/Katalon_Studio_Windows_64-8.5.2/Katalon_Studio_Windows_64-8.5.2/jre/bin/server;E:/Katalon_Studio_Windows_64-8.5.2/Katalon_Studio_Windows_64-8.5.2/jre/bin;E:/Katalon_Studio_Windows_64-8.5.2/Katalon_Studio_Windows_64-8.5.2/jre/lib/amd64;C:\Program Files (x86)\Common Files\Oracle\Java\javapath;C:\ProgramData\Oracle\Java\javapath;C:\oraclexe\app\oracle\product\11.2.0\server\bin;C:\Windows\system32;C:\Windows;C:\Windows\System32\Wbem;C:\Windows\System32\WindowsPowerShell\v1.0\;C:\Windows\System32\OpenSSH\;C:\Program Files\Java\jdk-11.0.15;C:\Program Files\Git\cmd;C:\Users\vignesh\Downloads\apache-maven-3.8.5-bin\apache-maven-3.8.5\bin;;C:\Program Files\Docker\Docker\resources\bin;C:\ProgramData\DockerDesktop\version-bin;C:\Program Files\dotnet\;C:\Program Files\TortoiseGit\bin;C:\Program Files\nodejs\;C:\Users\tina\AppData\Local\Microsoft\WindowsApps;;E:\Katalon_Studio_Windows_64-8.5.2\Katalon_Studio_Windows_64-8.5.2;
USERNAME=tina
OS=Windows_NT
PROCESSOR_IDENTIFIER=Intel64 Family 6 Model 140 Stepping 1, GenuineIntel



---------------  S Y S T E M  ---------------

OS: Windows 10.0 , 64 bit Build 19041 (10.0.19041.3155)
HyperV virtualization detected

CPU:total 8 (initial active 8) (4 cores per cpu, 2 threads per core) family 6 model 140 stepping 1, cmov, cx8, fxsr, mmx, sse, sse2, sse3, ssse3, sse4.1, sse4.2, popcnt, avx, avx2, aes, clmul, erms, 3dnowpref, lzcnt, ht, tsc, tscinvbit, bmi1, bmi2, adx

Memory: 4k page, physical 16505632k(2954844k free), swap 47927708k(7332k free)

vm_info: OpenJDK 64-Bit Server VM (25.282-b08) for windows-amd64 JRE (Zulu 8.52.0.23-CA-win64) (1.8.0_282-b08), built on Jan 12 2021 07:45:49 by "tester" with MS VC++ 10.0 (VS2010)

time: Fri Sep 15 16:15:37 2023
timezone: India Standard Time
elapsed time: 2.805264 seconds (0d 0h 0m 2s)

